{"C:\\dev\\Utils\\TaskMan\\frontend\\src\\components\\CalendarView.tsx": {"path":"C:\\dev\\Utils\\TaskMan\\frontend\\src\\components\\CalendarView.tsx","statementMap":{"0":{"start":{"line":34,"column":17},"end":{"line":34,"column":null}},"1":{"start":{"line":50,"column":8},"end":{"line":50,"column":null}},"2":{"start":{"line":51,"column":29},"end":{"line":51,"column":null}},"3":{"start":{"line":52,"column":8},"end":{"line":52,"column":null}},"4":{"start":{"line":53,"column":8},"end":{"line":53,"column":null}},"5":{"start":{"line":55,"column":2},"end":{"line":82,"column":null}},"6":{"start":{"line":74,"column":10},"end":{"line":74,"column":null}},"7":{"start":{"line":94,"column":67},"end":{"line":96,"column":null}},"8":{"start":{"line":98,"column":22},"end":{"line":101,"column":null}},"9":{"start":{"line":103,"column":2},"end":{"line":120,"column":null}},"10":{"start":{"line":110,"column":8},"end":{"line":110,"column":null}},"11":{"start":{"line":111,"column":8},"end":{"line":111,"column":null}},"12":{"start":{"line":126,"column":2},"end":{"line":132,"column":null}},"13":{"start":{"line":138,"column":36},"end":{"line":138,"column":null}},"14":{"start":{"line":139,"column":30},"end":{"line":139,"column":null}},"15":{"start":{"line":140,"column":36},"end":{"line":140,"column":null}},"16":{"start":{"line":143,"column":8},"end":{"line":156,"column":null}},"17":{"start":{"line":144,"column":16},"end":{"line":144,"column":null}},"18":{"start":{"line":145,"column":4},"end":{"line":154,"column":null}},"19":{"start":{"line":146,"column":6},"end":{"line":146,"column":null}},"20":{"start":{"line":146,"column":25},"end":{"line":146,"column":null}},"21":{"start":{"line":147,"column":22},"end":{"line":147,"column":null}},"22":{"start":{"line":148,"column":23},"end":{"line":148,"column":null}},"23":{"start":{"line":149,"column":6},"end":{"line":153,"column":null}},"24":{"start":{"line":150,"column":8},"end":{"line":150,"column":null}},"25":{"start":{"line":152,"column":8},"end":{"line":152,"column":null}},"26":{"start":{"line":155,"column":4},"end":{"line":155,"column":null}},"27":{"start":{"line":159,"column":8},"end":{"line":176,"column":null}},"28":{"start":{"line":160,"column":4},"end":{"line":175,"column":null}},"29":{"start":{"line":161,"column":12},"end":{"line":161,"column":null}},"30":{"start":{"line":162,"column":12},"end":{"line":162,"column":null}},"31":{"start":{"line":163,"column":12},"end":{"line":163,"column":null}},"32":{"start":{"line":164,"column":12},"end":{"line":164,"column":null}},"33":{"start":{"line":165,"column":27},"end":{"line":165,"column":null}},"34":{"start":{"line":166,"column":16},"end":{"line":166,"column":null}},"35":{"start":{"line":167,"column":6},"end":{"line":170,"column":null}},"36":{"start":{"line":168,"column":8},"end":{"line":168,"column":null}},"37":{"start":{"line":169,"column":8},"end":{"line":169,"column":null}},"38":{"start":{"line":171,"column":6},"end":{"line":171,"column":null}},"39":{"start":{"line":173,"column":12},"end":{"line":173,"column":null}},"40":{"start":{"line":174,"column":6},"end":{"line":174,"column":null}},"41":{"start":{"line":174,"column":43},"end":{"line":174,"column":70}},"42":{"start":{"line":178,"column":21},"end":{"line":180,"column":null}},"43":{"start":{"line":179,"column":4},"end":{"line":179,"column":null}},"44":{"start":{"line":179,"column":27},"end":{"line":179,"column":83}},"45":{"start":{"line":182,"column":21},"end":{"line":184,"column":null}},"46":{"start":{"line":183,"column":4},"end":{"line":183,"column":null}},"47":{"start":{"line":183,"column":27},"end":{"line":183,"column":83}},"48":{"start":{"line":186,"column":22},"end":{"line":188,"column":null}},"49":{"start":{"line":187,"column":4},"end":{"line":187,"column":null}},"50":{"start":{"line":190,"column":26},"end":{"line":193,"column":null}},"51":{"start":{"line":191,"column":17},"end":{"line":191,"column":null}},"52":{"start":{"line":191,"column":35},"end":{"line":191,"column":59}},"53":{"start":{"line":192,"column":4},"end":{"line":192,"column":null}},"54":{"start":{"line":195,"column":24},"end":{"line":210,"column":null}},"55":{"start":{"line":196,"column":4},"end":{"line":196,"column":null}},"56":{"start":{"line":197,"column":29},"end":{"line":197,"column":null}},"57":{"start":{"line":198,"column":4},"end":{"line":198,"column":null}},"58":{"start":{"line":198,"column":15},"end":{"line":198,"column":null}},"59":{"start":{"line":199,"column":19},"end":{"line":199,"column":null}},"60":{"start":{"line":200,"column":20},"end":{"line":200,"column":null}},"61":{"start":{"line":202,"column":4},"end":{"line":202,"column":null}},"62":{"start":{"line":202,"column":46},"end":{"line":202,"column":null}},"63":{"start":{"line":203,"column":17},"end":{"line":203,"column":null}},"64":{"start":{"line":203,"column":35},"end":{"line":203,"column":50}},"65":{"start":{"line":204,"column":4},"end":{"line":209,"column":null}},"66":{"start":{"line":205,"column":26},"end":{"line":205,"column":null}},"67":{"start":{"line":206,"column":6},"end":{"line":208,"column":null}},"68":{"start":{"line":207,"column":8},"end":{"line":207,"column":null}},"69":{"start":{"line":213,"column":4},"end":{"line":215,"column":null}},"70":{"start":{"line":217,"column":2},"end":{"line":312,"column":null}},"71":{"start":{"line":250,"column":27},"end":{"line":250,"column":null}},"72":{"start":{"line":261,"column":27},"end":{"line":261,"column":null}},"73":{"start":{"line":280,"column":14},"end":{"line":285,"column":null}},"74":{"start":{"line":292,"column":20},"end":{"line":292,"column":null}},"75":{"start":{"line":293,"column":31},"end":{"line":293,"column":null}},"76":{"start":{"line":294,"column":14},"end":{"line":302,"column":null}}},"fnMap":{"0":{"name":"CalendarCell","decl":{"start":{"line":37,"column":9},"end":{"line":37,"column":22}},"loc":{"start":{"line":49,"column":3},"end":{"line":84,"column":null}},"line":49},"1":{"name":"(anonymous_1)","decl":{"start":{"line":73,"column":58},"end":{"line":73,"column":59}},"loc":{"start":{"line":74,"column":10},"end":{"line":74,"column":null}},"line":74},"2":{"name":"DraggableTaskChip","decl":{"start":{"line":87,"column":9},"end":{"line":87,"column":27}},"loc":{"start":{"line":93,"column":3},"end":{"line":122,"column":null}},"line":93},"3":{"name":"(anonymous_3)","decl":{"start":{"line":109,"column":15},"end":{"line":109,"column":16}},"loc":{"start":{"line":109,"column":22},"end":{"line":112,"column":null}},"line":109},"4":{"name":"TaskChipOverlay","decl":{"start":{"line":125,"column":9},"end":{"line":125,"column":25}},"loc":{"start":{"line":125,"column":51},"end":{"line":134,"column":null}},"line":125},"5":{"name":"CalendarView","decl":{"start":{"line":137,"column":24},"end":{"line":137,"column":37}},"loc":{"start":{"line":137,"column":98},"end":{"line":314,"column":null}},"line":137},"6":{"name":"(anonymous_6)","decl":{"start":{"line":143,"column":30},"end":{"line":143,"column":36}},"loc":{"start":{"line":143,"column":36},"end":{"line":156,"column":5}},"line":143},"7":{"name":"(anonymous_7)","decl":{"start":{"line":159,"column":24},"end":{"line":159,"column":30}},"loc":{"start":{"line":159,"column":30},"end":{"line":176,"column":5}},"line":159},"8":{"name":"(anonymous_8)","decl":{"start":{"line":174,"column":39},"end":{"line":174,"column":40}},"loc":{"start":{"line":174,"column":43},"end":{"line":174,"column":70}},"line":174},"9":{"name":"(anonymous_9)","decl":{"start":{"line":178,"column":21},"end":{"line":178,"column":27}},"loc":{"start":{"line":178,"column":27},"end":{"line":180,"column":null}},"line":178},"10":{"name":"(anonymous_10)","decl":{"start":{"line":179,"column":19},"end":{"line":179,"column":20}},"loc":{"start":{"line":179,"column":27},"end":{"line":179,"column":83}},"line":179},"11":{"name":"(anonymous_11)","decl":{"start":{"line":182,"column":21},"end":{"line":182,"column":27}},"loc":{"start":{"line":182,"column":27},"end":{"line":184,"column":null}},"line":182},"12":{"name":"(anonymous_12)","decl":{"start":{"line":183,"column":19},"end":{"line":183,"column":20}},"loc":{"start":{"line":183,"column":27},"end":{"line":183,"column":83}},"line":183},"13":{"name":"(anonymous_13)","decl":{"start":{"line":186,"column":22},"end":{"line":186,"column":28}},"loc":{"start":{"line":186,"column":28},"end":{"line":188,"column":null}},"line":186},"14":{"name":"(anonymous_14)","decl":{"start":{"line":190,"column":26},"end":{"line":190,"column":27}},"loc":{"start":{"line":190,"column":53},"end":{"line":193,"column":null}},"line":190},"15":{"name":"(anonymous_15)","decl":{"start":{"line":191,"column":28},"end":{"line":191,"column":29}},"loc":{"start":{"line":191,"column":35},"end":{"line":191,"column":59}},"line":191},"16":{"name":"(anonymous_16)","decl":{"start":{"line":195,"column":24},"end":{"line":195,"column":25}},"loc":{"start":{"line":195,"column":49},"end":{"line":210,"column":null}},"line":195},"17":{"name":"(anonymous_17)","decl":{"start":{"line":203,"column":28},"end":{"line":203,"column":29}},"loc":{"start":{"line":203,"column":35},"end":{"line":203,"column":50}},"line":203},"18":{"name":"(anonymous_18)","decl":{"start":{"line":250,"column":21},"end":{"line":250,"column":27}},"loc":{"start":{"line":250,"column":27},"end":{"line":250,"column":null}},"line":250},"19":{"name":"(anonymous_19)","decl":{"start":{"line":261,"column":21},"end":{"line":261,"column":27}},"loc":{"start":{"line":261,"column":27},"end":{"line":261,"column":null}},"line":261},"20":{"name":"(anonymous_20)","decl":{"start":{"line":279,"column":26},"end":{"line":279,"column":27}},"loc":{"start":{"line":280,"column":14},"end":{"line":285,"column":null}},"line":280},"21":{"name":"(anonymous_21)","decl":{"start":{"line":291,"column":23},"end":{"line":291,"column":24}},"loc":{"start":{"line":291,"column":33},"end":{"line":304,"column":13}},"line":291}},"branchMap":{"0":{"loc":{"start":{"line":60,"column":8},"end":{"line":60,"column":null}},"type":"cond-expr","locations":[{"start":{"line":60,"column":31},"end":{"line":60,"column":48}},{"start":{"line":60,"column":48},"end":{"line":60,"column":null}}],"line":60},"1":{"loc":{"start":{"line":61,"column":8},"end":{"line":61,"column":null}},"type":"binary-expr","locations":[{"start":{"line":61,"column":8},"end":{"line":61,"column":18}},{"start":{"line":61,"column":18},"end":{"line":61,"column":null}}],"line":61},"2":{"loc":{"start":{"line":62,"column":8},"end":{"line":62,"column":null}},"type":"binary-expr","locations":[{"start":{"line":62,"column":8},"end":{"line":62,"column":17}},{"start":{"line":62,"column":17},"end":{"line":62,"column":null}}],"line":62},"3":{"loc":{"start":{"line":63,"column":8},"end":{"line":63,"column":null}},"type":"binary-expr","locations":[{"start":{"line":63,"column":8},"end":{"line":63,"column":22}},{"start":{"line":63,"column":22},"end":{"line":63,"column":null}}],"line":63},"4":{"loc":{"start":{"line":68,"column":8},"end":{"line":68,"column":null}},"type":"cond-expr","locations":[{"start":{"line":68,"column":16},"end":{"line":68,"column":67}},{"start":{"line":68,"column":67},"end":{"line":68,"column":null}}],"line":68},"5":{"loc":{"start":{"line":73,"column":24},"end":{"line":73,"column":52}},"type":"cond-expr","locations":[{"start":{"line":73,"column":47},"end":{"line":73,"column":51}},{"start":{"line":73,"column":51},"end":{"line":73,"column":52}}],"line":73},"6":{"loc":{"start":{"line":76,"column":9},"end":{"line":79,"column":null}},"type":"binary-expr","locations":[{"start":{"line":76,"column":9},"end":{"line":76,"column":null}},{"start":{"line":77,"column":10},"end":{"line":79,"column":null}}],"line":76},"7":{"loc":{"start":{"line":76,"column":25},"end":{"line":76,"column":null}},"type":"cond-expr","locations":[{"start":{"line":76,"column":48},"end":{"line":76,"column":52}},{"start":{"line":76,"column":52},"end":{"line":76,"column":null}}],"line":76},"8":{"loc":{"start":{"line":78,"column":30},"end":{"line":78,"column":60}},"type":"cond-expr","locations":[{"start":{"line":78,"column":53},"end":{"line":78,"column":57}},{"start":{"line":78,"column":57},"end":{"line":78,"column":60}}],"line":78},"9":{"loc":{"start":{"line":99,"column":8},"end":{"line":99,"column":null}},"type":"cond-expr","locations":[{"start":{"line":99,"column":20},"end":{"line":99,"column":90}},{"start":{"line":99,"column":90},"end":{"line":99,"column":null}}],"line":99},"10":{"loc":{"start":{"line":100,"column":21},"end":{"line":100,"column":null}},"type":"binary-expr","locations":[{"start":{"line":100,"column":21},"end":{"line":100,"column":44}},{"start":{"line":100,"column":44},"end":{"line":100,"column":null}}],"line":100},"11":{"loc":{"start":{"line":115,"column":8},"end":{"line":115,"column":null}},"type":"binary-expr","locations":[{"start":{"line":115,"column":8},"end":{"line":115,"column":22}},{"start":{"line":115,"column":22},"end":{"line":115,"column":null}}],"line":115},"12":{"loc":{"start":{"line":129,"column":32},"end":{"line":129,"column":65}},"type":"binary-expr","locations":[{"start":{"line":129,"column":32},"end":{"line":129,"column":55}},{"start":{"line":129,"column":55},"end":{"line":129,"column":65}}],"line":129},"13":{"loc":{"start":{"line":146,"column":6},"end":{"line":146,"column":null}},"type":"if","locations":[{"start":{"line":146,"column":6},"end":{"line":146,"column":null}},{"start":{},"end":{}}],"line":146},"14":{"loc":{"start":{"line":149,"column":6},"end":{"line":153,"column":null}},"type":"if","locations":[{"start":{"line":149,"column":6},"end":{"line":153,"column":null}},{"start":{"line":151,"column":13},"end":{"line":153,"column":null}}],"line":149},"15":{"loc":{"start":{"line":160,"column":4},"end":{"line":175,"column":null}},"type":"if","locations":[{"start":{"line":160,"column":4},"end":{"line":175,"column":null}},{"start":{"line":172,"column":11},"end":{"line":175,"column":null}}],"line":160},"16":{"loc":{"start":{"line":179,"column":27},"end":{"line":179,"column":83}},"type":"cond-expr","locations":[{"start":{"line":179,"column":40},"end":{"line":179,"column":68}},{"start":{"line":179,"column":64},"end":{"line":179,"column":83}}],"line":179},"17":{"loc":{"start":{"line":183,"column":27},"end":{"line":183,"column":83}},"type":"cond-expr","locations":[{"start":{"line":183,"column":40},"end":{"line":183,"column":68}},{"start":{"line":183,"column":64},"end":{"line":183,"column":83}}],"line":183},"18":{"loc":{"start":{"line":192,"column":19},"end":{"line":192,"column":31}},"type":"binary-expr","locations":[{"start":{"line":192,"column":19},"end":{"line":192,"column":27}},{"start":{"line":192,"column":27},"end":{"line":192,"column":31}}],"line":192},"19":{"loc":{"start":{"line":198,"column":4},"end":{"line":198,"column":null}},"type":"if","locations":[{"start":{"line":198,"column":4},"end":{"line":198,"column":null}},{"start":{},"end":{}}],"line":198},"20":{"loc":{"start":{"line":202,"column":4},"end":{"line":202,"column":null}},"type":"if","locations":[{"start":{"line":202,"column":4},"end":{"line":202,"column":null}},{"start":{},"end":{}}],"line":202},"21":{"loc":{"start":{"line":204,"column":4},"end":{"line":209,"column":null}},"type":"if","locations":[{"start":{"line":204,"column":4},"end":{"line":209,"column":null}},{"start":{},"end":{}}],"line":204},"22":{"loc":{"start":{"line":206,"column":6},"end":{"line":208,"column":null}},"type":"if","locations":[{"start":{"line":206,"column":6},"end":{"line":208,"column":null}},{"start":{},"end":{}}],"line":206},"23":{"loc":{"start":{"line":213,"column":4},"end":{"line":215,"column":null}},"type":"cond-expr","locations":[{"start":{"line":213,"column":17},"end":{"line":214,"column":null}},{"start":{"line":215,"column":8},"end":{"line":215,"column":null}}],"line":213},"24":{"loc":{"start":{"line":253,"column":14},"end":{"line":255,"column":null}},"type":"cond-expr","locations":[{"start":{"line":254,"column":18},"end":{"line":254,"column":null}},{"start":{"line":255,"column":18},"end":{"line":255,"column":null}}],"line":253},"25":{"loc":{"start":{"line":264,"column":14},"end":{"line":266,"column":null}},"type":"cond-expr","locations":[{"start":{"line":265,"column":18},"end":{"line":265,"column":null}},{"start":{"line":266,"column":18},"end":{"line":266,"column":null}}],"line":264},"26":{"loc":{"start":{"line":293,"column":31},"end":{"line":293,"column":null}},"type":"binary-expr","locations":[{"start":{"line":293,"column":31},"end":{"line":293,"column":59}},{"start":{"line":293,"column":59},"end":{"line":293,"column":null}}],"line":293},"27":{"loc":{"start":{"line":309,"column":11},"end":{"line":309,"column":null}},"type":"cond-expr","locations":[{"start":{"line":309,"column":25},"end":{"line":309,"column":66}},{"start":{"line":309,"column":66},"end":{"line":309,"column":null}}],"line":309}},"s":{"0":1,"1":266,"2":266,"3":266,"4":266,"5":266,"6":16,"7":16,"8":16,"9":16,"10":1,"11":1,"12":0,"13":10,"14":10,"15":10,"16":10,"17":6,"18":6,"19":12,"20":0,"21":12,"22":12,"23":12,"24":0,"25":12,"26":6,"27":10,"28":10,"29":9,"30":9,"31":9,"32":9,"33":9,"34":9,"35":9,"36":259,"37":259,"38":9,"39":1,"40":1,"41":7,"42":10,"43":1,"44":1,"45":10,"46":1,"47":1,"48":10,"49":1,"50":10,"51":0,"52":0,"53":0,"54":10,"55":0,"56":0,"57":0,"58":0,"59":0,"60":0,"61":0,"62":0,"63":0,"64":0,"65":0,"66":0,"67":0,"68":0,"69":10,"70":10,"71":0,"72":1,"73":70,"74":266,"75":266,"76":266},"f":{"0":266,"1":16,"2":16,"3":1,"4":0,"5":10,"6":6,"7":10,"8":7,"9":1,"10":1,"11":1,"12":1,"13":1,"14":0,"15":0,"16":0,"17":0,"18":0,"19":1,"20":70,"21":266},"b":{"0":[259,7],"1":[266,0],"2":[266,9],"3":[266,4],"4":[9,257],"5":[259,7],"6":[266,0],"7":[259,7],"8":[0,0],"9":[0,16],"10":[16,0],"11":[16,0],"12":[0,0],"13":[0,12],"14":[0,12],"15":[9,1],"16":[1,0],"17":[1,0],"18":[0,0],"19":[0,0],"20":[0,0],"21":[0,0],"22":[0,0],"23":[9,1],"24":[9,1],"25":[1,9],"26":[266,250],"27":[0,10]},"meta":{"lastBranch":28,"lastFunction":22,"lastStatement":77,"seen":{"s:34:17:34:Infinity":0,"f:37:9:37:22":0,"s:50:8:50:Infinity":1,"s:51:29:51:Infinity":2,"s:52:8:52:Infinity":3,"s:53:8:53:Infinity":4,"s:55:2:82:Infinity":5,"b:60:31:60:48:60:48:60:Infinity":0,"b:61:8:61:18:61:18:61:Infinity":1,"b:62:8:62:17:62:17:62:Infinity":2,"b:63:8:63:22:63:22:63:Infinity":3,"b:68:16:68:67:68:67:68:Infinity":4,"b:73:47:73:51:73:51:73:52":5,"f:73:58:73:59":1,"s:74:10:74:Infinity":6,"b:76:9:76:Infinity:77:10:79:Infinity":6,"b:76:48:76:52:76:52:76:Infinity":7,"b:78:53:78:57:78:57:78:60":8,"f:87:9:87:27":2,"s:94:67:96:Infinity":7,"s:98:22:101:Infinity":8,"b:99:20:99:90:99:90:99:Infinity":9,"b:100:21:100:44:100:44:100:Infinity":10,"s:103:2:120:Infinity":9,"f:109:15:109:16":3,"s:110:8:110:Infinity":10,"s:111:8:111:Infinity":11,"b:115:8:115:22:115:22:115:Infinity":11,"f:125:9:125:25":4,"s:126:2:132:Infinity":12,"b:129:32:129:55:129:55:129:65":12,"f:137:24:137:37":5,"s:138:36:138:Infinity":13,"s:139:30:139:Infinity":14,"s:140:36:140:Infinity":15,"s:143:8:156:Infinity":16,"f:143:30:143:36":6,"s:144:16:144:Infinity":17,"s:145:4:154:Infinity":18,"b:146:6:146:Infinity:undefined:undefined:undefined:undefined":13,"s:146:6:146:Infinity":19,"s:146:25:146:Infinity":20,"s:147:22:147:Infinity":21,"s:148:23:148:Infinity":22,"b:149:6:153:Infinity:151:13:153:Infinity":14,"s:149:6:153:Infinity":23,"s:150:8:150:Infinity":24,"s:152:8:152:Infinity":25,"s:155:4:155:Infinity":26,"s:159:8:176:Infinity":27,"f:159:24:159:30":7,"b:160:4:175:Infinity:172:11:175:Infinity":15,"s:160:4:175:Infinity":28,"s:161:12:161:Infinity":29,"s:162:12:162:Infinity":30,"s:163:12:163:Infinity":31,"s:164:12:164:Infinity":32,"s:165:27:165:Infinity":33,"s:166:16:166:Infinity":34,"s:167:6:170:Infinity":35,"s:168:8:168:Infinity":36,"s:169:8:169:Infinity":37,"s:171:6:171:Infinity":38,"s:173:12:173:Infinity":39,"s:174:6:174:Infinity":40,"f:174:39:174:40":8,"s:174:43:174:70":41,"s:178:21:180:Infinity":42,"f:178:21:178:27":9,"s:179:4:179:Infinity":43,"f:179:19:179:20":10,"s:179:27:179:83":44,"b:179:40:179:68:179:64:179:83":16,"s:182:21:184:Infinity":45,"f:182:21:182:27":11,"s:183:4:183:Infinity":46,"f:183:19:183:20":12,"s:183:27:183:83":47,"b:183:40:183:68:183:64:183:83":17,"s:186:22:188:Infinity":48,"f:186:22:186:28":13,"s:187:4:187:Infinity":49,"s:190:26:193:Infinity":50,"f:190:26:190:27":14,"s:191:17:191:Infinity":51,"f:191:28:191:29":15,"s:191:35:191:59":52,"s:192:4:192:Infinity":53,"b:192:19:192:27:192:27:192:31":18,"s:195:24:210:Infinity":54,"f:195:24:195:25":16,"s:196:4:196:Infinity":55,"s:197:29:197:Infinity":56,"b:198:4:198:Infinity:undefined:undefined:undefined:undefined":19,"s:198:4:198:Infinity":57,"s:198:15:198:Infinity":58,"s:199:19:199:Infinity":59,"s:200:20:200:Infinity":60,"b:202:4:202:Infinity:undefined:undefined:undefined:undefined":20,"s:202:4:202:Infinity":61,"s:202:46:202:Infinity":62,"s:203:17:203:Infinity":63,"f:203:28:203:29":17,"s:203:35:203:50":64,"b:204:4:209:Infinity:undefined:undefined:undefined:undefined":21,"s:204:4:209:Infinity":65,"s:205:26:205:Infinity":66,"b:206:6:208:Infinity:undefined:undefined:undefined:undefined":22,"s:206:6:208:Infinity":67,"s:207:8:207:Infinity":68,"s:213:4:215:Infinity":69,"b:213:17:214:Infinity:215:8:215:Infinity":23,"s:217:2:312:Infinity":70,"f:250:21:250:27":18,"s:250:27:250:Infinity":71,"b:254:18:254:Infinity:255:18:255:Infinity":24,"f:261:21:261:27":19,"s:261:27:261:Infinity":72,"b:265:18:265:Infinity:266:18:266:Infinity":25,"f:279:26:279:27":20,"s:280:14:285:Infinity":73,"f:291:23:291:24":21,"s:292:20:292:Infinity":74,"s:293:31:293:Infinity":75,"b:293:31:293:59:293:59:293:Infinity":26,"s:294:14:302:Infinity":76,"b:309:25:309:66:309:66:309:Infinity":27}}}
,"C:\\dev\\Utils\\TaskMan\\frontend\\src\\components\\CommandPalette.tsx": {"path":"C:\\dev\\Utils\\TaskMan\\frontend\\src\\components\\CommandPalette.tsx","statementMap":{"0":{"start":{"line":29,"column":24},"end":{"line":29,"column":null}},"1":{"start":{"line":30,"column":8},"end":{"line":30,"column":null}},"2":{"start":{"line":31,"column":24},"end":{"line":31,"column":null}},"3":{"start":{"line":32,"column":40},"end":{"line":32,"column":null}},"4":{"start":{"line":33,"column":40},"end":{"line":33,"column":null}},"5":{"start":{"line":34,"column":36},"end":{"line":34,"column":null}},"6":{"start":{"line":35,"column":44},"end":{"line":35,"column":null}},"7":{"start":{"line":36,"column":8},"end":{"line":36,"column":null}},"8":{"start":{"line":38,"column":8},"end":{"line":67,"column":null}},"9":{"start":{"line":38,"column":54},"end":{"line":67,"column":5}},"10":{"start":{"line":43,"column":22},"end":{"line":43,"column":37}},"11":{"start":{"line":43,"column":37},"end":{"line":43,"column":46}},"12":{"start":{"line":50,"column":22},"end":{"line":50,"column":42}},"13":{"start":{"line":50,"column":42},"end":{"line":50,"column":51}},"14":{"start":{"line":57,"column":22},"end":{"line":57,"column":45}},"15":{"start":{"line":57,"column":45},"end":{"line":57,"column":54}},"16":{"start":{"line":64,"column":22},"end":{"line":64,"column":44}},"17":{"start":{"line":64,"column":44},"end":{"line":64,"column":53}},"18":{"start":{"line":69,"column":8},"end":{"line":84,"column":null}},"19":{"start":{"line":69,"column":48},"end":{"line":84,"column":5}},"20":{"start":{"line":74,"column":22},"end":{"line":74,"column":51}},"21":{"start":{"line":74,"column":51},"end":{"line":74,"column":60}},"22":{"start":{"line":81,"column":22},"end":{"line":81,"column":48}},"23":{"start":{"line":81,"column":48},"end":{"line":81,"column":62}},"24":{"start":{"line":86,"column":8},"end":{"line":94,"column":null}},"25":{"start":{"line":86,"column":51},"end":{"line":94,"column":5}},"26":{"start":{"line":91,"column":22},"end":{"line":91,"column":54}},"27":{"start":{"line":91,"column":54},"end":{"line":91,"column":63}},"28":{"start":{"line":96,"column":8},"end":{"line":96,"column":null}},"29":{"start":{"line":96,"column":36},"end":{"line":96,"column":98}},"30":{"start":{"line":99,"column":27},"end":{"line":103,"column":null}},"31":{"start":{"line":101,"column":6},"end":{"line":101,"column":null}},"32":{"start":{"line":106,"column":2},"end":{"line":127,"column":null}},"33":{"start":{"line":107,"column":4},"end":{"line":110,"column":null}},"34":{"start":{"line":108,"column":6},"end":{"line":108,"column":null}},"35":{"start":{"line":109,"column":6},"end":{"line":109,"column":null}},"36":{"start":{"line":112,"column":24},"end":{"line":123,"column":null}},"37":{"start":{"line":113,"column":6},"end":{"line":113,"column":null}},"38":{"start":{"line":114,"column":6},"end":{"line":122,"column":null}},"39":{"start":{"line":115,"column":24},"end":{"line":115,"column":null}},"40":{"start":{"line":116,"column":8},"end":{"line":116,"column":null}},"41":{"start":{"line":118,"column":8},"end":{"line":118,"column":null}},"42":{"start":{"line":119,"column":8},"end":{"line":119,"column":null}},"43":{"start":{"line":121,"column":8},"end":{"line":121,"column":null}},"44":{"start":{"line":125,"column":21},"end":{"line":125,"column":null}},"45":{"start":{"line":126,"column":4},"end":{"line":126,"column":null}},"46":{"start":{"line":126,"column":17},"end":{"line":126,"column":null}},"47":{"start":{"line":130,"column":8},"end":{"line":139,"column":null}},"48":{"start":{"line":130,"column":33},"end":{"line":139,"column":5}},"49":{"start":{"line":132,"column":36},"end":{"line":138,"column":6}},"50":{"start":{"line":136,"column":22},"end":{"line":136,"column":60}},"51":{"start":{"line":136,"column":60},"end":{"line":136,"column":69}},"52":{"start":{"line":142,"column":2},"end":{"line":144,"column":null}},"53":{"start":{"line":143,"column":4},"end":{"line":143,"column":null}},"54":{"start":{"line":147,"column":2},"end":{"line":155,"column":null}},"55":{"start":{"line":148,"column":4},"end":{"line":154,"column":null}},"56":{"start":{"line":149,"column":6},"end":{"line":149,"column":null}},"57":{"start":{"line":150,"column":6},"end":{"line":150,"column":null}},"58":{"start":{"line":151,"column":6},"end":{"line":151,"column":null}},"59":{"start":{"line":152,"column":6},"end":{"line":152,"column":null}},"60":{"start":{"line":153,"column":6},"end":{"line":153,"column":null}},"61":{"start":{"line":158,"column":2},"end":{"line":181,"column":null}},"62":{"start":{"line":159,"column":4},"end":{"line":159,"column":null}},"63":{"start":{"line":159,"column":17},"end":{"line":159,"column":null}},"64":{"start":{"line":161,"column":26},"end":{"line":177,"column":null}},"65":{"start":{"line":162,"column":6},"end":{"line":176,"column":null}},"66":{"start":{"line":163,"column":8},"end":{"line":163,"column":null}},"67":{"start":{"line":164,"column":8},"end":{"line":164,"column":null}},"68":{"start":{"line":165,"column":6},"end":{"line":176,"column":null}},"69":{"start":{"line":166,"column":8},"end":{"line":166,"column":null}},"70":{"start":{"line":167,"column":8},"end":{"line":167,"column":null}},"71":{"start":{"line":167,"column":35},"end":{"line":167,"column":74}},"72":{"start":{"line":168,"column":6},"end":{"line":176,"column":null}},"73":{"start":{"line":169,"column":8},"end":{"line":169,"column":null}},"74":{"start":{"line":170,"column":8},"end":{"line":170,"column":null}},"75":{"start":{"line":170,"column":35},"end":{"line":170,"column":56}},"76":{"start":{"line":171,"column":6},"end":{"line":176,"column":null}},"77":{"start":{"line":172,"column":8},"end":{"line":172,"column":null}},"78":{"start":{"line":173,"column":8},"end":{"line":175,"column":null}},"79":{"start":{"line":174,"column":10},"end":{"line":174,"column":null}},"80":{"start":{"line":179,"column":4},"end":{"line":179,"column":null}},"81":{"start":{"line":180,"column":4},"end":{"line":180,"column":null}},"82":{"start":{"line":180,"column":17},"end":{"line":180,"column":null}},"83":{"start":{"line":183,"column":2},"end":{"line":300,"column":null}},"84":{"start":{"line":199,"column":28},"end":{"line":199,"column":null}},"85":{"start":{"line":216,"column":33},"end":{"line":216,"column":null}},"86":{"start":{"line":235,"column":39},"end":{"line":235,"column":48}},"87":{"start":{"line":236,"column":36},"end":{"line":236,"column":null}},"88":{"start":{"line":254,"column":33},"end":{"line":254,"column":null}},"89":{"start":{"line":255,"column":39},"end":{"line":255,"column":null}},"90":{"start":{"line":257,"column":20},"end":{"line":275,"column":null}},"91":{"start":{"line":261,"column":44},"end":{"line":261,"column":null}}},"fnMap":{"0":{"name":"CommandPalette","decl":{"start":{"line":28,"column":24},"end":{"line":28,"column":41}},"loc":{"start":{"line":28,"column":41},"end":{"line":302,"column":null}},"line":28},"1":{"name":"(anonymous_1)","decl":{"start":{"line":38,"column":48},"end":{"line":38,"column":54}},"loc":{"start":{"line":38,"column":54},"end":{"line":67,"column":5}},"line":38},"2":{"name":"(anonymous_2)","decl":{"start":{"line":43,"column":14},"end":{"line":43,"column":20}},"loc":{"start":{"line":43,"column":20},"end":{"line":43,"column":null}},"line":43},"3":{"name":"(anonymous_3)","decl":{"start":{"line":50,"column":14},"end":{"line":50,"column":20}},"loc":{"start":{"line":50,"column":20},"end":{"line":50,"column":null}},"line":50},"4":{"name":"(anonymous_4)","decl":{"start":{"line":57,"column":14},"end":{"line":57,"column":20}},"loc":{"start":{"line":57,"column":20},"end":{"line":57,"column":null}},"line":57},"5":{"name":"(anonymous_5)","decl":{"start":{"line":64,"column":14},"end":{"line":64,"column":20}},"loc":{"start":{"line":64,"column":20},"end":{"line":64,"column":null}},"line":64},"6":{"name":"(anonymous_6)","decl":{"start":{"line":69,"column":42},"end":{"line":69,"column":48}},"loc":{"start":{"line":69,"column":48},"end":{"line":84,"column":5}},"line":69},"7":{"name":"(anonymous_7)","decl":{"start":{"line":74,"column":14},"end":{"line":74,"column":20}},"loc":{"start":{"line":74,"column":20},"end":{"line":74,"column":null}},"line":74},"8":{"name":"(anonymous_8)","decl":{"start":{"line":81,"column":14},"end":{"line":81,"column":20}},"loc":{"start":{"line":81,"column":20},"end":{"line":81,"column":null}},"line":81},"9":{"name":"(anonymous_9)","decl":{"start":{"line":86,"column":45},"end":{"line":86,"column":51}},"loc":{"start":{"line":86,"column":51},"end":{"line":94,"column":5}},"line":86},"10":{"name":"(anonymous_10)","decl":{"start":{"line":91,"column":14},"end":{"line":91,"column":20}},"loc":{"start":{"line":91,"column":20},"end":{"line":91,"column":null}},"line":91},"11":{"name":"(anonymous_11)","decl":{"start":{"line":96,"column":30},"end":{"line":96,"column":36}},"loc":{"start":{"line":96,"column":36},"end":{"line":96,"column":98}},"line":96},"12":{"name":"(anonymous_12)","decl":{"start":{"line":100,"column":25},"end":{"line":100,"column":26}},"loc":{"start":{"line":101,"column":6},"end":{"line":101,"column":null}},"line":101},"13":{"name":"(anonymous_13)","decl":{"start":{"line":106,"column":12},"end":{"line":106,"column":18}},"loc":{"start":{"line":106,"column":18},"end":{"line":127,"column":5}},"line":106},"14":{"name":"(anonymous_14)","decl":{"start":{"line":112,"column":24},"end":{"line":112,"column":36}},"loc":{"start":{"line":112,"column":36},"end":{"line":123,"column":null}},"line":112},"15":{"name":"(anonymous_15)","decl":{"start":{"line":126,"column":11},"end":{"line":126,"column":17}},"loc":{"start":{"line":126,"column":17},"end":{"line":126,"column":null}},"line":126},"16":{"name":"(anonymous_16)","decl":{"start":{"line":130,"column":27},"end":{"line":130,"column":33}},"loc":{"start":{"line":130,"column":33},"end":{"line":139,"column":5}},"line":130},"17":{"name":"(anonymous_17)","decl":{"start":{"line":132,"column":25},"end":{"line":132,"column":26}},"loc":{"start":{"line":132,"column":36},"end":{"line":138,"column":6}},"line":132},"18":{"name":"(anonymous_18)","decl":{"start":{"line":136,"column":14},"end":{"line":136,"column":20}},"loc":{"start":{"line":136,"column":20},"end":{"line":136,"column":null}},"line":136},"19":{"name":"(anonymous_19)","decl":{"start":{"line":142,"column":12},"end":{"line":142,"column":18}},"loc":{"start":{"line":142,"column":18},"end":{"line":144,"column":5}},"line":142},"20":{"name":"(anonymous_20)","decl":{"start":{"line":147,"column":12},"end":{"line":147,"column":18}},"loc":{"start":{"line":147,"column":18},"end":{"line":155,"column":5}},"line":147},"21":{"name":"(anonymous_21)","decl":{"start":{"line":158,"column":12},"end":{"line":158,"column":18}},"loc":{"start":{"line":158,"column":18},"end":{"line":181,"column":5}},"line":158},"22":{"name":"(anonymous_22)","decl":{"start":{"line":161,"column":26},"end":{"line":161,"column":27}},"loc":{"start":{"line":161,"column":48},"end":{"line":177,"column":null}},"line":161},"23":{"name":"(anonymous_23)","decl":{"start":{"line":167,"column":25},"end":{"line":167,"column":26}},"loc":{"start":{"line":167,"column":35},"end":{"line":167,"column":74}},"line":167},"24":{"name":"(anonymous_24)","decl":{"start":{"line":170,"column":25},"end":{"line":170,"column":26}},"loc":{"start":{"line":170,"column":35},"end":{"line":170,"column":56}},"line":170},"25":{"name":"(anonymous_25)","decl":{"start":{"line":180,"column":11},"end":{"line":180,"column":17}},"loc":{"start":{"line":180,"column":17},"end":{"line":180,"column":null}},"line":180},"26":{"name":"(anonymous_26)","decl":{"start":{"line":199,"column":21},"end":{"line":199,"column":22}},"loc":{"start":{"line":199,"column":28},"end":{"line":199,"column":null}},"line":199},"27":{"name":"(anonymous_27)","decl":{"start":{"line":216,"column":26},"end":{"line":216,"column":27}},"loc":{"start":{"line":216,"column":33},"end":{"line":216,"column":null}},"line":216},"28":{"name":"(anonymous_28)","decl":{"start":{"line":235,"column":31},"end":{"line":235,"column":37}},"loc":{"start":{"line":235,"column":37},"end":{"line":235,"column":null}},"line":235},"29":{"name":"(anonymous_29)","decl":{"start":{"line":236,"column":30},"end":{"line":236,"column":36}},"loc":{"start":{"line":236,"column":36},"end":{"line":236,"column":null}},"line":236},"30":{"name":"(anonymous_30)","decl":{"start":{"line":253,"column":32},"end":{"line":253,"column":33}},"loc":{"start":{"line":253,"column":49},"end":{"line":277,"column":19}},"line":253},"31":{"name":"(anonymous_31)","decl":{"start":{"line":261,"column":38},"end":{"line":261,"column":44}},"loc":{"start":{"line":261,"column":44},"end":{"line":261,"column":null}},"line":261}},"branchMap":{"0":{"loc":{"start":{"line":99,"column":27},"end":{"line":103,"column":null}},"type":"cond-expr","locations":[{"start":{"line":100,"column":6},"end":{"line":102,"column":null}},{"start":{"line":103,"column":6},"end":{"line":103,"column":null}}],"line":99},"1":{"loc":{"start":{"line":107,"column":4},"end":{"line":110,"column":null}},"type":"if","locations":[{"start":{"line":107,"column":4},"end":{"line":110,"column":null}},{"start":{},"end":{}}],"line":107},"2":{"loc":{"start":{"line":107,"column":8},"end":{"line":107,"column":36}},"type":"binary-expr","locations":[{"start":{"line":107,"column":8},"end":{"line":107,"column":18}},{"start":{"line":107,"column":18},"end":{"line":107,"column":36}}],"line":107},"3":{"loc":{"start":{"line":148,"column":4},"end":{"line":154,"column":null}},"type":"if","locations":[{"start":{"line":148,"column":4},"end":{"line":154,"column":null}},{"start":{},"end":{}}],"line":148},"4":{"loc":{"start":{"line":159,"column":4},"end":{"line":159,"column":null}},"type":"if","locations":[{"start":{"line":159,"column":4},"end":{"line":159,"column":null}},{"start":{},"end":{}}],"line":159},"5":{"loc":{"start":{"line":162,"column":6},"end":{"line":176,"column":null}},"type":"if","locations":[{"start":{"line":162,"column":6},"end":{"line":176,"column":null}},{"start":{"line":165,"column":6},"end":{"line":176,"column":null}}],"line":162},"6":{"loc":{"start":{"line":165,"column":6},"end":{"line":176,"column":null}},"type":"if","locations":[{"start":{"line":165,"column":6},"end":{"line":176,"column":null}},{"start":{"line":168,"column":6},"end":{"line":176,"column":null}}],"line":165},"7":{"loc":{"start":{"line":168,"column":6},"end":{"line":176,"column":null}},"type":"if","locations":[{"start":{"line":168,"column":6},"end":{"line":176,"column":null}},{"start":{"line":171,"column":6},"end":{"line":176,"column":null}}],"line":168},"8":{"loc":{"start":{"line":171,"column":6},"end":{"line":176,"column":null}},"type":"if","locations":[{"start":{"line":171,"column":6},"end":{"line":176,"column":null}},{"start":{},"end":{}}],"line":171},"9":{"loc":{"start":{"line":173,"column":8},"end":{"line":175,"column":null}},"type":"if","locations":[{"start":{"line":173,"column":8},"end":{"line":175,"column":null}},{"start":{},"end":{}}],"line":173},"10":{"loc":{"start":{"line":185,"column":7},"end":{"line":298,"column":null}},"type":"binary-expr","locations":[{"start":{"line":185,"column":7},"end":{"line":185,"column":null}},{"start":{"line":186,"column":8},"end":{"line":298,"column":null}}],"line":185},"11":{"loc":{"start":{"line":231,"column":15},"end":{"line":278,"column":null}},"type":"cond-expr","locations":[{"start":{"line":232,"column":16},"end":{"line":238,"column":null}},{"start":{"line":240,"column":16},"end":{"line":278,"column":null}}],"line":231},"12":{"loc":{"start":{"line":241,"column":19},"end":{"line":244,"column":null}},"type":"binary-expr","locations":[{"start":{"line":241,"column":19},"end":{"line":241,"column":44}},{"start":{"line":241,"column":44},"end":{"line":241,"column":null}},{"start":{"line":242,"column":20},"end":{"line":244,"column":null}}],"line":241},"13":{"loc":{"start":{"line":247,"column":19},"end":{"line":250,"column":null}},"type":"binary-expr","locations":[{"start":{"line":247,"column":19},"end":{"line":247,"column":null}},{"start":{"line":248,"column":20},"end":{"line":250,"column":null}}],"line":247},"14":{"loc":{"start":{"line":262,"column":107},"end":{"line":264,"column":null}},"type":"cond-expr","locations":[{"start":{"line":263,"column":28},"end":{"line":263,"column":null}},{"start":{"line":264,"column":28},"end":{"line":264,"column":null}}],"line":262},"15":{"loc":{"start":{"line":269,"column":25},"end":{"line":270,"column":null}},"type":"binary-expr","locations":[{"start":{"line":269,"column":25},"end":{"line":269,"column":null}},{"start":{"line":270,"column":26},"end":{"line":270,"column":null}}],"line":269},"16":{"loc":{"start":{"line":272,"column":25},"end":{"line":273,"column":null}},"type":"binary-expr","locations":[{"start":{"line":272,"column":25},"end":{"line":272,"column":51}},{"start":{"line":272,"column":51},"end":{"line":272,"column":82}},{"start":{"line":272,"column":82},"end":{"line":272,"column":108}},{"start":{"line":272,"column":108},"end":{"line":272,"column":null}},{"start":{"line":273,"column":26},"end":{"line":273,"column":null}}],"line":272}},"s":{"0":17,"1":17,"2":17,"3":17,"4":17,"5":17,"6":17,"7":17,"8":17,"9":5,"10":0,"11":0,"12":0,"13":0,"14":0,"15":0,"16":0,"17":0,"18":17,"19":5,"20":0,"21":0,"22":0,"23":0,"24":17,"25":5,"26":0,"27":0,"28":17,"29":5,"30":17,"31":14,"32":17,"33":6,"34":5,"35":5,"36":1,"37":0,"38":0,"39":0,"40":0,"41":0,"42":0,"43":0,"44":1,"45":1,"46":1,"47":17,"48":12,"49":0,"50":0,"51":0,"52":17,"53":11,"54":17,"55":5,"56":5,"57":5,"58":5,"59":5,"60":5,"61":17,"62":11,"63":0,"64":11,"65":1,"66":1,"67":1,"68":0,"69":0,"70":0,"71":0,"72":0,"73":0,"74":0,"75":0,"76":0,"77":0,"78":0,"79":0,"80":11,"81":11,"82":11,"83":17,"84":0,"85":1,"86":0,"87":0,"88":107,"89":107,"90":107,"91":0},"f":{"0":17,"1":5,"2":0,"3":0,"4":0,"5":0,"6":5,"7":0,"8":0,"9":5,"10":0,"11":5,"12":14,"13":6,"14":0,"15":1,"16":12,"17":0,"18":0,"19":11,"20":5,"21":11,"22":1,"23":0,"24":0,"25":11,"26":0,"27":1,"28":0,"29":0,"30":107,"31":0},"b":{"0":[2,15],"1":[5,1],"2":[6,1],"3":[5,0],"4":[0,11],"5":[1,0],"6":[0,0],"7":[0,0],"8":[0,0],"9":[0,0],"10":[17,17],"11":[0,17],"12":[17,0,0],"13":[17,0],"14":[17,90],"15":[107,62],"16":[107,30,30,15,0]},"meta":{"lastBranch":17,"lastFunction":32,"lastStatement":92,"seen":{"f:28:24:28:41":0,"s:29:24:29:Infinity":0,"s:30:8:30:Infinity":1,"s:31:24:31:Infinity":2,"s:32:40:32:Infinity":3,"s:33:40:33:Infinity":4,"s:34:36:34:Infinity":5,"s:35:44:35:Infinity":6,"s:36:8:36:Infinity":7,"s:38:8:67:Infinity":8,"f:38:48:38:54":1,"s:38:54:67:5":9,"f:43:14:43:20":2,"s:43:22:43:37":10,"s:43:37:43:46":11,"f:50:14:50:20":3,"s:50:22:50:42":12,"s:50:42:50:51":13,"f:57:14:57:20":4,"s:57:22:57:45":14,"s:57:45:57:54":15,"f:64:14:64:20":5,"s:64:22:64:44":16,"s:64:44:64:53":17,"s:69:8:84:Infinity":18,"f:69:42:69:48":6,"s:69:48:84:5":19,"f:74:14:74:20":7,"s:74:22:74:51":20,"s:74:51:74:60":21,"f:81:14:81:20":8,"s:81:22:81:48":22,"s:81:48:81:62":23,"s:86:8:94:Infinity":24,"f:86:45:86:51":9,"s:86:51:94:5":25,"f:91:14:91:20":10,"s:91:22:91:54":26,"s:91:54:91:63":27,"s:96:8:96:Infinity":28,"f:96:30:96:36":11,"s:96:36:96:98":29,"s:99:27:103:Infinity":30,"b:100:6:102:Infinity:103:6:103:Infinity":0,"f:100:25:100:26":12,"s:101:6:101:Infinity":31,"s:106:2:127:Infinity":32,"f:106:12:106:18":13,"b:107:4:110:Infinity:undefined:undefined:undefined:undefined":1,"s:107:4:110:Infinity":33,"b:107:8:107:18:107:18:107:36":2,"s:108:6:108:Infinity":34,"s:109:6:109:Infinity":35,"s:112:24:123:Infinity":36,"f:112:24:112:36":14,"s:113:6:113:Infinity":37,"s:114:6:122:Infinity":38,"s:115:24:115:Infinity":39,"s:116:8:116:Infinity":40,"s:118:8:118:Infinity":41,"s:119:8:119:Infinity":42,"s:121:8:121:Infinity":43,"s:125:21:125:Infinity":44,"s:126:4:126:Infinity":45,"f:126:11:126:17":15,"s:126:17:126:Infinity":46,"s:130:8:139:Infinity":47,"f:130:27:130:33":16,"s:130:33:139:5":48,"f:132:25:132:26":17,"s:132:36:138:6":49,"f:136:14:136:20":18,"s:136:22:136:60":50,"s:136:60:136:69":51,"s:142:2:144:Infinity":52,"f:142:12:142:18":19,"s:143:4:143:Infinity":53,"s:147:2:155:Infinity":54,"f:147:12:147:18":20,"b:148:4:154:Infinity:undefined:undefined:undefined:undefined":3,"s:148:4:154:Infinity":55,"s:149:6:149:Infinity":56,"s:150:6:150:Infinity":57,"s:151:6:151:Infinity":58,"s:152:6:152:Infinity":59,"s:153:6:153:Infinity":60,"s:158:2:181:Infinity":61,"f:158:12:158:18":21,"b:159:4:159:Infinity:undefined:undefined:undefined:undefined":4,"s:159:4:159:Infinity":62,"s:159:17:159:Infinity":63,"s:161:26:177:Infinity":64,"f:161:26:161:27":22,"b:162:6:176:Infinity:165:6:176:Infinity":5,"s:162:6:176:Infinity":65,"s:163:8:163:Infinity":66,"s:164:8:164:Infinity":67,"b:165:6:176:Infinity:168:6:176:Infinity":6,"s:165:6:176:Infinity":68,"s:166:8:166:Infinity":69,"s:167:8:167:Infinity":70,"f:167:25:167:26":23,"s:167:35:167:74":71,"b:168:6:176:Infinity:171:6:176:Infinity":7,"s:168:6:176:Infinity":72,"s:169:8:169:Infinity":73,"s:170:8:170:Infinity":74,"f:170:25:170:26":24,"s:170:35:170:56":75,"b:171:6:176:Infinity:undefined:undefined:undefined:undefined":8,"s:171:6:176:Infinity":76,"s:172:8:172:Infinity":77,"b:173:8:175:Infinity:undefined:undefined:undefined:undefined":9,"s:173:8:175:Infinity":78,"s:174:10:174:Infinity":79,"s:179:4:179:Infinity":80,"s:180:4:180:Infinity":81,"f:180:11:180:17":25,"s:180:17:180:Infinity":82,"s:183:2:300:Infinity":83,"b:185:7:185:Infinity:186:8:298:Infinity":10,"f:199:21:199:22":26,"s:199:28:199:Infinity":84,"f:216:26:216:27":27,"s:216:33:216:Infinity":85,"b:232:16:238:Infinity:240:16:278:Infinity":11,"f:235:31:235:37":28,"s:235:39:235:48":86,"f:236:30:236:36":29,"s:236:36:236:Infinity":87,"b:241:19:241:44:241:44:241:Infinity:242:20:244:Infinity":12,"b:247:19:247:Infinity:248:20:250:Infinity":13,"f:253:32:253:33":30,"s:254:33:254:Infinity":88,"s:255:39:255:Infinity":89,"s:257:20:275:Infinity":90,"f:261:38:261:44":31,"s:261:44:261:Infinity":91,"b:263:28:263:Infinity:264:28:264:Infinity":14,"b:269:25:269:Infinity:270:26:270:Infinity":15,"b:272:25:272:51:272:51:272:82:272:82:272:108:272:108:272:Infinity:273:26:273:Infinity":16}}}
,"C:\\dev\\Utils\\TaskMan\\frontend\\src\\components\\DensityPicker.tsx": {"path":"C:\\dev\\Utils\\TaskMan\\frontend\\src\\components\\DensityPicker.tsx","statementMap":{"0":{"start":{"line":4,"column":118},"end":{"line":8,"column":null}},"1":{"start":{"line":11,"column":30},"end":{"line":11,"column":null}},"2":{"start":{"line":13,"column":2},"end":{"line":33,"column":null}},"3":{"start":{"line":16,"column":8},"end":{"line":31,"column":null}},"4":{"start":{"line":19,"column":25},"end":{"line":19,"column":null}}},"fnMap":{"0":{"name":"DensityPicker","decl":{"start":{"line":10,"column":24},"end":{"line":10,"column":40}},"loc":{"start":{"line":10,"column":40},"end":{"line":35,"column":null}},"line":10},"1":{"name":"(anonymous_1)","decl":{"start":{"line":15,"column":21},"end":{"line":15,"column":22}},"loc":{"start":{"line":16,"column":8},"end":{"line":31,"column":null}},"line":16},"2":{"name":"(anonymous_2)","decl":{"start":{"line":19,"column":19},"end":{"line":19,"column":25}},"loc":{"start":{"line":19,"column":25},"end":{"line":19,"column":null}},"line":19}},"branchMap":{"0":{"loc":{"start":{"line":22,"column":14},"end":{"line":24,"column":null}},"type":"cond-expr","locations":[{"start":{"line":23,"column":16},"end":{"line":23,"column":null}},{"start":{"line":24,"column":16},"end":{"line":24,"column":null}}],"line":22}},"s":{"0":1,"1":6,"2":6,"3":18,"4":2},"f":{"0":6,"1":18,"2":2},"b":{"0":[6,12]},"meta":{"lastBranch":1,"lastFunction":3,"lastStatement":5,"seen":{"s:4:118:8:Infinity":0,"f:10:24:10:40":0,"s:11:30:11:Infinity":1,"s:13:2:33:Infinity":2,"f:15:21:15:22":1,"s:16:8:31:Infinity":3,"f:19:19:19:25":2,"s:19:25:19:Infinity":4,"b:23:16:23:Infinity:24:16:24:Infinity":0}}}
,"C:\\dev\\Utils\\TaskMan\\frontend\\src\\components\\EmptyStates.tsx": {"path":"C:\\dev\\Utils\\TaskMan\\frontend\\src\\components\\EmptyStates.tsx","statementMap":{"0":{"start":{"line":6,"column":2},"end":{"line":12,"column":null}},"1":{"start":{"line":17,"column":2},"end":{"line":17,"column":null}},"2":{"start":{"line":17,"column":16},"end":{"line":17,"column":null}},"3":{"start":{"line":18,"column":2},"end":{"line":25,"column":null}},"4":{"start":{"line":30,"column":2},"end":{"line":45,"column":null}},"5":{"start":{"line":50,"column":2},"end":{"line":62,"column":null}},"6":{"start":{"line":67,"column":2},"end":{"line":80,"column":null}},"7":{"start":{"line":85,"column":2},"end":{"line":98,"column":null}}},"fnMap":{"0":{"name":"Wrapper","decl":{"start":{"line":5,"column":9},"end":{"line":5,"column":17}},"loc":{"start":{"line":5,"column":62},"end":{"line":14,"column":null}},"line":5},"1":{"name":"CTA","decl":{"start":{"line":16,"column":9},"end":{"line":16,"column":13}},"loc":{"start":{"line":16,"column":111},"end":{"line":27,"column":null}},"line":16},"2":{"name":"EmptyTasksState","decl":{"start":{"line":29,"column":16},"end":{"line":29,"column":32}},"loc":{"start":{"line":29,"column":81},"end":{"line":47,"column":null}},"line":29},"3":{"name":"EmptyProjectsState","decl":{"start":{"line":49,"column":16},"end":{"line":49,"column":35}},"loc":{"start":{"line":49,"column":90},"end":{"line":64,"column":null}},"line":49},"4":{"name":"EmptyCalendarState","decl":{"start":{"line":66,"column":16},"end":{"line":66,"column":37}},"loc":{"start":{"line":66,"column":37},"end":{"line":82,"column":null}},"line":66},"5":{"name":"EmptyTimeEntriesState","decl":{"start":{"line":84,"column":16},"end":{"line":84,"column":38}},"loc":{"start":{"line":84,"column":87},"end":{"line":100,"column":null}},"line":84}},"branchMap":{"0":{"loc":{"start":{"line":17,"column":2},"end":{"line":17,"column":null}},"type":"if","locations":[{"start":{"line":17,"column":2},"end":{"line":17,"column":null}},{"start":{},"end":{}}],"line":17}},"s":{"0":9,"1":8,"2":2,"3":6,"4":3,"5":2,"6":1,"7":3},"f":{"0":9,"1":8,"2":3,"3":2,"4":1,"5":3},"b":{"0":[2,6]},"meta":{"lastBranch":1,"lastFunction":6,"lastStatement":8,"seen":{"f:5:9:5:17":0,"s:6:2:12:Infinity":0,"f:16:9:16:13":1,"b:17:2:17:Infinity:undefined:undefined:undefined:undefined":0,"s:17:2:17:Infinity":1,"s:17:16:17:Infinity":2,"s:18:2:25:Infinity":3,"f:29:16:29:32":2,"s:30:2:45:Infinity":4,"f:49:16:49:35":3,"s:50:2:62:Infinity":5,"f:66:16:66:37":4,"s:67:2:80:Infinity":6,"f:84:16:84:38":5,"s:85:2:98:Infinity":7}}}
,"C:\\dev\\Utils\\TaskMan\\frontend\\src\\components\\KeyboardShortcutsModal.tsx": {"path":"C:\\dev\\Utils\\TaskMan\\frontend\\src\\components\\KeyboardShortcutsModal.tsx","statementMap":{"0":{"start":{"line":16,"column":14},"end":{"line":16,"column":null}},"1":{"start":{"line":17,"column":15},"end":{"line":17,"column":null}},"2":{"start":{"line":19,"column":40},"end":{"line":52,"column":null}},"3":{"start":{"line":55,"column":2},"end":{"line":58,"column":null}},"4":{"start":{"line":63,"column":24},"end":{"line":63,"column":null}},"5":{"start":{"line":65,"column":2},"end":{"line":77,"column":null}},"6":{"start":{"line":66,"column":4},"end":{"line":66,"column":null}},"7":{"start":{"line":66,"column":17},"end":{"line":66,"column":null}},"8":{"start":{"line":68,"column":26},"end":{"line":73,"column":null}},"9":{"start":{"line":69,"column":6},"end":{"line":72,"column":null}},"10":{"start":{"line":70,"column":8},"end":{"line":70,"column":null}},"11":{"start":{"line":71,"column":8},"end":{"line":71,"column":null}},"12":{"start":{"line":75,"column":4},"end":{"line":75,"column":null}},"13":{"start":{"line":76,"column":4},"end":{"line":76,"column":null}},"14":{"start":{"line":76,"column":17},"end":{"line":76,"column":null}},"15":{"start":{"line":79,"column":2},"end":{"line":160,"column":null}},"16":{"start":{"line":91,"column":28},"end":{"line":91,"column":null}},"17":{"start":{"line":115,"column":16},"end":{"line":147,"column":null}},"18":{"start":{"line":121,"column":22},"end":{"line":144,"column":null}},"19":{"start":{"line":130,"column":28},"end":{"line":141,"column":null}}},"fnMap":{"0":{"name":"Kbd","decl":{"start":{"line":54,"column":9},"end":{"line":54,"column":13}},"loc":{"start":{"line":54,"column":49},"end":{"line":60,"column":null}},"line":54},"1":{"name":"KeyboardShortcutsModal","decl":{"start":{"line":62,"column":24},"end":{"line":62,"column":49}},"loc":{"start":{"line":62,"column":49},"end":{"line":162,"column":null}},"line":62},"2":{"name":"(anonymous_2)","decl":{"start":{"line":65,"column":12},"end":{"line":65,"column":18}},"loc":{"start":{"line":65,"column":18},"end":{"line":77,"column":5}},"line":65},"3":{"name":"(anonymous_3)","decl":{"start":{"line":68,"column":26},"end":{"line":68,"column":27}},"loc":{"start":{"line":68,"column":48},"end":{"line":73,"column":null}},"line":68},"4":{"name":"(anonymous_4)","decl":{"start":{"line":76,"column":11},"end":{"line":76,"column":17}},"loc":{"start":{"line":76,"column":17},"end":{"line":76,"column":null}},"line":76},"5":{"name":"(anonymous_5)","decl":{"start":{"line":91,"column":21},"end":{"line":91,"column":22}},"loc":{"start":{"line":91,"column":28},"end":{"line":91,"column":null}},"line":91},"6":{"name":"(anonymous_6)","decl":{"start":{"line":114,"column":34},"end":{"line":114,"column":35}},"loc":{"start":{"line":115,"column":16},"end":{"line":147,"column":null}},"line":115},"7":{"name":"(anonymous_7)","decl":{"start":{"line":120,"column":41},"end":{"line":120,"column":42}},"loc":{"start":{"line":121,"column":22},"end":{"line":144,"column":null}},"line":121},"8":{"name":"(anonymous_8)","decl":{"start":{"line":129,"column":45},"end":{"line":129,"column":46}},"loc":{"start":{"line":130,"column":28},"end":{"line":141,"column":null}},"line":130}},"branchMap":{"0":{"loc":{"start":{"line":16,"column":14},"end":{"line":16,"column":null}},"type":"binary-expr","locations":[{"start":{"line":16,"column":14},"end":{"line":16,"column":50}},{"start":{"line":16,"column":50},"end":{"line":16,"column":null}}],"line":16},"1":{"loc":{"start":{"line":17,"column":15},"end":{"line":17,"column":null}},"type":"cond-expr","locations":[{"start":{"line":17,"column":23},"end":{"line":17,"column":29}},{"start":{"line":17,"column":29},"end":{"line":17,"column":null}}],"line":17},"2":{"loc":{"start":{"line":66,"column":4},"end":{"line":66,"column":null}},"type":"if","locations":[{"start":{"line":66,"column":4},"end":{"line":66,"column":null}},{"start":{},"end":{}}],"line":66},"3":{"loc":{"start":{"line":69,"column":6},"end":{"line":72,"column":null}},"type":"if","locations":[{"start":{"line":69,"column":6},"end":{"line":72,"column":null}},{"start":{},"end":{}}],"line":69},"4":{"loc":{"start":{"line":81,"column":7},"end":{"line":158,"column":null}},"type":"binary-expr","locations":[{"start":{"line":81,"column":7},"end":{"line":81,"column":null}},{"start":{"line":82,"column":8},"end":{"line":158,"column":null}}],"line":81},"5":{"loc":{"start":{"line":131,"column":31},"end":{"line":134,"column":null}},"type":"binary-expr","locations":[{"start":{"line":131,"column":31},"end":{"line":131,"column":null}},{"start":{"line":132,"column":32},"end":{"line":134,"column":null}}],"line":131},"6":{"loc":{"start":{"line":133,"column":35},"end":{"line":133,"column":null}},"type":"cond-expr","locations":[{"start":{"line":133,"column":49},"end":{"line":133,"column":54}},{"start":{"line":133,"column":54},"end":{"line":133,"column":null}}],"line":133},"7":{"loc":{"start":{"line":136,"column":31},"end":{"line":139,"column":null}},"type":"cond-expr","locations":[{"start":{"line":137,"column":32},"end":{"line":137,"column":null}},{"start":{"line":139,"column":32},"end":{"line":139,"column":null}}],"line":136}},"s":{"0":1,"1":1,"2":1,"3":108,"4":4,"5":4,"6":4,"7":0,"8":4,"9":1,"10":1,"11":1,"12":4,"13":4,"14":4,"15":4,"16":1,"17":16,"18":48,"19":128},"f":{"0":108,"1":4,"2":4,"3":1,"4":4,"5":1,"6":16,"7":48,"8":128},"b":{"0":[1,1],"1":[0,1],"2":[0,4],"3":[1,0],"4":[4,4],"5":[128,80],"6":[24,56],"7":[24,104]},"meta":{"lastBranch":8,"lastFunction":9,"lastStatement":20,"seen":{"s:16:14:16:Infinity":0,"b:16:14:16:50:16:50:16:Infinity":0,"s:17:15:17:Infinity":1,"b:17:23:17:29:17:29:17:Infinity":1,"s:19:40:52:Infinity":2,"f:54:9:54:13":0,"s:55:2:58:Infinity":3,"f:62:24:62:49":1,"s:63:24:63:Infinity":4,"s:65:2:77:Infinity":5,"f:65:12:65:18":2,"b:66:4:66:Infinity:undefined:undefined:undefined:undefined":2,"s:66:4:66:Infinity":6,"s:66:17:66:Infinity":7,"s:68:26:73:Infinity":8,"f:68:26:68:27":3,"b:69:6:72:Infinity:undefined:undefined:undefined:undefined":3,"s:69:6:72:Infinity":9,"s:70:8:70:Infinity":10,"s:71:8:71:Infinity":11,"s:75:4:75:Infinity":12,"s:76:4:76:Infinity":13,"f:76:11:76:17":4,"s:76:17:76:Infinity":14,"s:79:2:160:Infinity":15,"b:81:7:81:Infinity:82:8:158:Infinity":4,"f:91:21:91:22":5,"s:91:28:91:Infinity":16,"f:114:34:114:35":6,"s:115:16:147:Infinity":17,"f:120:41:120:42":7,"s:121:22:144:Infinity":18,"f:129:45:129:46":8,"s:130:28:141:Infinity":19,"b:131:31:131:Infinity:132:32:134:Infinity":5,"b:133:49:133:54:133:54:133:Infinity":6,"b:137:32:137:Infinity:139:32:139:Infinity":7}}}
,"C:\\dev\\Utils\\TaskMan\\frontend\\src\\components\\LayoutSwitcher.tsx": {"path":"C:\\dev\\Utils\\TaskMan\\frontend\\src\\components\\LayoutSwitcher.tsx","statementMap":{"0":{"start":{"line":4,"column":80},"end":{"line":9,"column":null}},"1":{"start":{"line":12,"column":30},"end":{"line":12,"column":null}},"2":{"start":{"line":14,"column":4},"end":{"line":33,"column":null}},"3":{"start":{"line":17,"column":16},"end":{"line":31,"column":null}},"4":{"start":{"line":20,"column":35},"end":{"line":20,"column":null}}},"fnMap":{"0":{"name":"LayoutSwitcher","decl":{"start":{"line":11,"column":24},"end":{"line":11,"column":41}},"loc":{"start":{"line":11,"column":41},"end":{"line":35,"column":null}},"line":11},"1":{"name":"(anonymous_1)","decl":{"start":{"line":16,"column":25},"end":{"line":16,"column":26}},"loc":{"start":{"line":17,"column":16},"end":{"line":31,"column":null}},"line":17},"2":{"name":"(anonymous_2)","decl":{"start":{"line":20,"column":29},"end":{"line":20,"column":35}},"loc":{"start":{"line":20,"column":35},"end":{"line":20,"column":null}},"line":20}},"branchMap":{"0":{"loc":{"start":{"line":23,"column":14},"end":{"line":25,"column":null}},"type":"cond-expr","locations":[{"start":{"line":24,"column":30},"end":{"line":24,"column":null}},{"start":{"line":25,"column":30},"end":{"line":25,"column":null}}],"line":23}},"s":{"0":1,"1":7,"2":7,"3":28,"4":2},"f":{"0":7,"1":28,"2":2},"b":{"0":[7,21]},"meta":{"lastBranch":1,"lastFunction":3,"lastStatement":5,"seen":{"s:4:80:9:Infinity":0,"f:11:24:11:41":0,"s:12:30:12:Infinity":1,"s:14:4:33:Infinity":2,"f:16:25:16:26":1,"s:17:16:31:Infinity":3,"f:20:29:20:35":2,"s:20:35:20:Infinity":4,"b:24:30:24:Infinity:25:30:25:Infinity":0}}}
,"C:\\dev\\Utils\\TaskMan\\frontend\\src\\components\\Skeletons.tsx": {"path":"C:\\dev\\Utils\\TaskMan\\frontend\\src\\components\\Skeletons.tsx","statementMap":{"0":{"start":{"line":4,"column":2},"end":{"line":4,"column":null}},"1":{"start":{"line":8,"column":2},"end":{"line":72,"column":null}},"2":{"start":{"line":18,"column":10},"end":{"line":26,"column":null}},"3":{"start":{"line":39,"column":14},"end":{"line":48,"column":null}},"4":{"start":{"line":61,"column":14},"end":{"line":67,"column":null}},"5":{"start":{"line":77,"column":2},"end":{"line":108,"column":null}},"6":{"start":{"line":89,"column":8},"end":{"line":106,"column":null}},"7":{"start":{"line":113,"column":2},"end":{"line":136,"column":null}},"8":{"start":{"line":116,"column":8},"end":{"line":134,"column":null}},"9":{"start":{"line":123,"column":14},"end":{"line":131,"column":null}},"10":{"start":{"line":141,"column":2},"end":{"line":157,"column":null}},"11":{"start":{"line":144,"column":8},"end":{"line":155,"column":null}}},"fnMap":{"0":{"name":"Shimmer","decl":{"start":{"line":3,"column":9},"end":{"line":3,"column":17}},"loc":{"start":{"line":3,"column":56},"end":{"line":5,"column":null}},"line":3},"1":{"name":"DashboardSkeleton","decl":{"start":{"line":7,"column":16},"end":{"line":7,"column":36}},"loc":{"start":{"line":7,"column":36},"end":{"line":74,"column":null}},"line":7},"2":{"name":"(anonymous_2)","decl":{"start":{"line":17,"column":27},"end":{"line":17,"column":28}},"loc":{"start":{"line":18,"column":10},"end":{"line":26,"column":null}},"line":18},"3":{"name":"(anonymous_3)","decl":{"start":{"line":38,"column":31},"end":{"line":38,"column":32}},"loc":{"start":{"line":39,"column":14},"end":{"line":48,"column":null}},"line":39},"4":{"name":"(anonymous_4)","decl":{"start":{"line":60,"column":31},"end":{"line":60,"column":32}},"loc":{"start":{"line":61,"column":14},"end":{"line":67,"column":null}},"line":61},"5":{"name":"TableSkeleton","decl":{"start":{"line":76,"column":16},"end":{"line":76,"column":32}},"loc":{"start":{"line":76,"column":32},"end":{"line":110,"column":null}},"line":76},"6":{"name":"(anonymous_6)","decl":{"start":{"line":88,"column":25},"end":{"line":88,"column":26}},"loc":{"start":{"line":89,"column":8},"end":{"line":106,"column":null}},"line":89},"7":{"name":"KanbanSkeleton","decl":{"start":{"line":112,"column":16},"end":{"line":112,"column":33}},"loc":{"start":{"line":112,"column":33},"end":{"line":138,"column":null}},"line":112},"8":{"name":"(anonymous_8)","decl":{"start":{"line":115,"column":25},"end":{"line":115,"column":26}},"loc":{"start":{"line":116,"column":8},"end":{"line":134,"column":null}},"line":116},"9":{"name":"(anonymous_9)","decl":{"start":{"line":122,"column":31},"end":{"line":122,"column":32}},"loc":{"start":{"line":123,"column":14},"end":{"line":131,"column":null}},"line":123},"10":{"name":"ProjectCardSkeleton","decl":{"start":{"line":140,"column":16},"end":{"line":140,"column":38}},"loc":{"start":{"line":140,"column":38},"end":{"line":159,"column":null}},"line":140},"11":{"name":"(anonymous_11)","decl":{"start":{"line":143,"column":25},"end":{"line":143,"column":26}},"loc":{"start":{"line":144,"column":8},"end":{"line":155,"column":null}},"line":144}},"branchMap":{},"s":{"0":244,"1":1,"2":4,"3":5,"4":5,"5":1,"6":8,"7":1,"8":4,"9":12,"10":1,"11":6},"f":{"0":244,"1":1,"2":4,"3":5,"4":5,"5":1,"6":8,"7":1,"8":4,"9":12,"10":1,"11":6},"b":{},"meta":{"lastBranch":0,"lastFunction":12,"lastStatement":12,"seen":{"f:3:9:3:17":0,"s:4:2:4:Infinity":0,"f:7:16:7:36":1,"s:8:2:72:Infinity":1,"f:17:27:17:28":2,"s:18:10:26:Infinity":2,"f:38:31:38:32":3,"s:39:14:48:Infinity":3,"f:60:31:60:32":4,"s:61:14:67:Infinity":4,"f:76:16:76:32":5,"s:77:2:108:Infinity":5,"f:88:25:88:26":6,"s:89:8:106:Infinity":6,"f:112:16:112:33":7,"s:113:2:136:Infinity":7,"f:115:25:115:26":8,"s:116:8:134:Infinity":8,"f:122:31:122:32":9,"s:123:14:131:Infinity":9,"f:140:16:140:38":10,"s:141:2:157:Infinity":10,"f:143:25:143:26":11,"s:144:8:155:Infinity":11}}}
,"C:\\dev\\Utils\\TaskMan\\frontend\\src\\components\\SmartTaskInput.tsx": {"path":"C:\\dev\\Utils\\TaskMan\\frontend\\src\\components\\SmartTaskInput.tsx","statementMap":{"0":{"start":{"line":24,"column":48},"end":{"line":29,"column":null}},"1":{"start":{"line":37,"column":24},"end":{"line":37,"column":null}},"2":{"start":{"line":38,"column":26},"end":{"line":38,"column":null}},"3":{"start":{"line":39,"column":48},"end":{"line":39,"column":null}},"4":{"start":{"line":40,"column":24},"end":{"line":40,"column":null}},"5":{"start":{"line":41,"column":8},"end":{"line":41,"column":null}},"6":{"start":{"line":42,"column":8},"end":{"line":42,"column":null}},"7":{"start":{"line":44,"column":30},"end":{"line":47,"column":null}},"8":{"start":{"line":50,"column":28},"end":{"line":56,"column":null}},"9":{"start":{"line":51,"column":18},"end":{"line":51,"column":null}},"10":{"start":{"line":52,"column":4},"end":{"line":52,"column":null}},"11":{"start":{"line":53,"column":4},"end":{"line":55,"column":null}},"12":{"start":{"line":54,"column":6},"end":{"line":54,"column":null}},"13":{"start":{"line":59,"column":2},"end":{"line":65,"column":null}},"14":{"start":{"line":60,"column":4},"end":{"line":60,"column":null}},"15":{"start":{"line":60,"column":23},"end":{"line":60,"column":null}},"16":{"start":{"line":61,"column":18},"end":{"line":63,"column":null}},"17":{"start":{"line":62,"column":6},"end":{"line":62,"column":null}},"18":{"start":{"line":64,"column":4},"end":{"line":64,"column":null}},"19":{"start":{"line":64,"column":17},"end":{"line":64,"column":null}},"20":{"start":{"line":68,"column":30},"end":{"line":68,"column":null}},"21":{"start":{"line":68,"column":69},"end":{"line":68,"column":101}},"22":{"start":{"line":69,"column":2},"end":{"line":80,"column":null}},"23":{"start":{"line":70,"column":4},"end":{"line":70,"column":null}},"24":{"start":{"line":71,"column":4},"end":{"line":79,"column":null}},"25":{"start":{"line":72,"column":19},"end":{"line":72,"column":null}},"26":{"start":{"line":73,"column":20},"end":{"line":77,"column":null}},"27":{"start":{"line":75,"column":10},"end":{"line":76,"column":null}},"28":{"start":{"line":78,"column":6},"end":{"line":78,"column":null}},"29":{"start":{"line":78,"column":17},"end":{"line":78,"column":null}},"30":{"start":{"line":83,"column":2},"end":{"line":85,"column":null}},"31":{"start":{"line":84,"column":4},"end":{"line":84,"column":null}},"32":{"start":{"line":84,"column":19},"end":{"line":84,"column":null}},"33":{"start":{"line":87,"column":8},"end":{"line":100,"column":null}},"34":{"start":{"line":90,"column":6},"end":{"line":90,"column":null}},"35":{"start":{"line":91,"column":6},"end":{"line":91,"column":null}},"36":{"start":{"line":92,"column":6},"end":{"line":92,"column":null}},"37":{"start":{"line":93,"column":6},"end":{"line":93,"column":null}},"38":{"start":{"line":94,"column":6},"end":{"line":94,"column":null}},"39":{"start":{"line":95,"column":6},"end":{"line":95,"column":null}},"40":{"start":{"line":98,"column":6},"end":{"line":98,"column":null}},"41":{"start":{"line":102,"column":23},"end":{"line":117,"column":null}},"42":{"start":{"line":103,"column":4},"end":{"line":103,"column":null}},"43":{"start":{"line":103,"column":32},"end":{"line":103,"column":null}},"44":{"start":{"line":104,"column":4},"end":{"line":107,"column":null}},"45":{"start":{"line":105,"column":6},"end":{"line":105,"column":null}},"46":{"start":{"line":106,"column":6},"end":{"line":106,"column":null}},"47":{"start":{"line":109,"column":4},"end":{"line":109,"column":null}},"48":{"start":{"line":110,"column":4},"end":{"line":116,"column":null}},"49":{"start":{"line":119,"column":24},"end":{"line":126,"column":null}},"50":{"start":{"line":120,"column":4},"end":{"line":125,"column":null}},"51":{"start":{"line":121,"column":6},"end":{"line":121,"column":null}},"52":{"start":{"line":122,"column":6},"end":{"line":122,"column":null}},"53":{"start":{"line":123,"column":4},"end":{"line":125,"column":null}},"54":{"start":{"line":124,"column":6},"end":{"line":124,"column":null}},"55":{"start":{"line":128,"column":2},"end":{"line":238,"column":null}},"56":{"start":{"line":196,"column":35},"end":{"line":196,"column":null}},"57":{"start":{"line":201,"column":20},"end":{"line":203,"column":null}}},"fnMap":{"0":{"name":"SmartTaskInput","decl":{"start":{"line":31,"column":24},"end":{"line":31,"column":39}},"loc":{"start":{"line":36,"column":24},"end":{"line":240,"column":null}},"line":36},"1":{"name":"(anonymous_1)","decl":{"start":{"line":50,"column":28},"end":{"line":50,"column":29}},"loc":{"start":{"line":50,"column":72},"end":{"line":56,"column":null}},"line":50},"2":{"name":"(anonymous_2)","decl":{"start":{"line":59,"column":12},"end":{"line":59,"column":18}},"loc":{"start":{"line":59,"column":18},"end":{"line":65,"column":5}},"line":59},"3":{"name":"(anonymous_3)","decl":{"start":{"line":61,"column":29},"end":{"line":61,"column":35}},"loc":{"start":{"line":61,"column":35},"end":{"line":63,"column":7}},"line":61},"4":{"name":"(anonymous_4)","decl":{"start":{"line":64,"column":11},"end":{"line":64,"column":17}},"loc":{"start":{"line":64,"column":17},"end":{"line":64,"column":null}},"line":64},"5":{"name":"(anonymous_5)","decl":{"start":{"line":68,"column":63},"end":{"line":68,"column":69}},"loc":{"start":{"line":68,"column":69},"end":{"line":68,"column":101}},"line":68},"6":{"name":"(anonymous_6)","decl":{"start":{"line":74,"column":8},"end":{"line":74,"column":9}},"loc":{"start":{"line":75,"column":10},"end":{"line":76,"column":null}},"line":75},"7":{"name":"(anonymous_7)","decl":{"start":{"line":83,"column":12},"end":{"line":83,"column":18}},"loc":{"start":{"line":83,"column":18},"end":{"line":85,"column":5}},"line":83},"8":{"name":"(anonymous_8)","decl":{"start":{"line":89,"column":15},"end":{"line":89,"column":21}},"loc":{"start":{"line":89,"column":21},"end":{"line":96,"column":null}},"line":89},"9":{"name":"(anonymous_9)","decl":{"start":{"line":97,"column":13},"end":{"line":97,"column":14}},"loc":{"start":{"line":97,"column":29},"end":{"line":99,"column":null}},"line":97},"10":{"name":"(anonymous_10)","decl":{"start":{"line":102,"column":23},"end":{"line":102,"column":29}},"loc":{"start":{"line":102,"column":29},"end":{"line":117,"column":null}},"line":102},"11":{"name":"(anonymous_11)","decl":{"start":{"line":119,"column":24},"end":{"line":119,"column":25}},"loc":{"start":{"line":119,"column":52},"end":{"line":126,"column":null}},"line":119},"12":{"name":"(anonymous_12)","decl":{"start":{"line":196,"column":28},"end":{"line":196,"column":29}},"loc":{"start":{"line":196,"column":35},"end":{"line":196,"column":null}},"line":196},"13":{"name":"(anonymous_13)","decl":{"start":{"line":200,"column":32},"end":{"line":200,"column":33}},"loc":{"start":{"line":201,"column":20},"end":{"line":203,"column":null}},"line":201}},"branchMap":{"0":{"loc":{"start":{"line":34,"column":2},"end":{"line":34,"column":null}},"type":"default-arg","locations":[{"start":{"line":34,"column":14},"end":{"line":34,"column":null}}],"line":34},"1":{"loc":{"start":{"line":35,"column":2},"end":{"line":35,"column":null}},"type":"default-arg","locations":[{"start":{"line":35,"column":16},"end":{"line":35,"column":null}}],"line":35},"2":{"loc":{"start":{"line":44,"column":16},"end":{"line":44,"column":30}},"type":"default-arg","locations":[{"start":{"line":44,"column":27},"end":{"line":44,"column":30}}],"line":44},"3":{"loc":{"start":{"line":53,"column":4},"end":{"line":55,"column":null}},"type":"if","locations":[{"start":{"line":53,"column":4},"end":{"line":55,"column":null}},{"start":{},"end":{}}],"line":53},"4":{"loc":{"start":{"line":60,"column":4},"end":{"line":60,"column":null}},"type":"if","locations":[{"start":{"line":60,"column":4},"end":{"line":60,"column":null}},{"start":{},"end":{}}],"line":60},"5":{"loc":{"start":{"line":68,"column":69},"end":{"line":68,"column":101}},"type":"binary-expr","locations":[{"start":{"line":68,"column":69},"end":{"line":68,"column":92}},{"start":{"line":68,"column":92},"end":{"line":68,"column":101}}],"line":68},"6":{"loc":{"start":{"line":69,"column":2},"end":{"line":80,"column":null}},"type":"if","locations":[{"start":{"line":69,"column":2},"end":{"line":80,"column":null}},{"start":{},"end":{}}],"line":69},"7":{"loc":{"start":{"line":71,"column":4},"end":{"line":79,"column":null}},"type":"if","locations":[{"start":{"line":71,"column":4},"end":{"line":79,"column":null}},{"start":{},"end":{}}],"line":71},"8":{"loc":{"start":{"line":71,"column":8},"end":{"line":71,"column":52}},"type":"binary-expr","locations":[{"start":{"line":71,"column":8},"end":{"line":71,"column":31}},{"start":{"line":71,"column":31},"end":{"line":71,"column":52}}],"line":71},"9":{"loc":{"start":{"line":75,"column":10},"end":{"line":76,"column":null}},"type":"binary-expr","locations":[{"start":{"line":75,"column":10},"end":{"line":75,"column":null}},{"start":{"line":76,"column":10},"end":{"line":76,"column":null}}],"line":75},"10":{"loc":{"start":{"line":78,"column":6},"end":{"line":78,"column":null}},"type":"if","locations":[{"start":{"line":78,"column":6},"end":{"line":78,"column":null}},{"start":{},"end":{}}],"line":78},"11":{"loc":{"start":{"line":84,"column":4},"end":{"line":84,"column":null}},"type":"if","locations":[{"start":{"line":84,"column":4},"end":{"line":84,"column":null}},{"start":{},"end":{}}],"line":84},"12":{"loc":{"start":{"line":103,"column":4},"end":{"line":103,"column":null}},"type":"if","locations":[{"start":{"line":103,"column":4},"end":{"line":103,"column":null}},{"start":{},"end":{}}],"line":103},"13":{"loc":{"start":{"line":104,"column":4},"end":{"line":107,"column":null}},"type":"if","locations":[{"start":{"line":104,"column":4},"end":{"line":107,"column":null}},{"start":{},"end":{}}],"line":104},"14":{"loc":{"start":{"line":113,"column":16},"end":{"line":113,"column":null}},"type":"binary-expr","locations":[{"start":{"line":113,"column":16},"end":{"line":113,"column":35}},{"start":{"line":113,"column":35},"end":{"line":113,"column":null}}],"line":113},"15":{"loc":{"start":{"line":115,"column":15},"end":{"line":115,"column":null}},"type":"cond-expr","locations":[{"start":{"line":115,"column":32},"end":{"line":115,"column":63}},{"start":{"line":115,"column":63},"end":{"line":115,"column":null}}],"line":115},"16":{"loc":{"start":{"line":120,"column":4},"end":{"line":125,"column":null}},"type":"if","locations":[{"start":{"line":120,"column":4},"end":{"line":125,"column":null}},{"start":{"line":123,"column":4},"end":{"line":125,"column":null}}],"line":120},"17":{"loc":{"start":{"line":120,"column":8},"end":{"line":120,"column":42}},"type":"binary-expr","locations":[{"start":{"line":120,"column":8},"end":{"line":120,"column":29}},{"start":{"line":120,"column":29},"end":{"line":120,"column":42}}],"line":120},"18":{"loc":{"start":{"line":123,"column":4},"end":{"line":125,"column":null}},"type":"if","locations":[{"start":{"line":123,"column":4},"end":{"line":125,"column":null}},{"start":{},"end":{}}],"line":123},"19":{"loc":{"start":{"line":148,"column":9},"end":{"line":228,"column":null}},"type":"binary-expr","locations":[{"start":{"line":148,"column":9},"end":{"line":148,"column":19}},{"start":{"line":148,"column":19},"end":{"line":148,"column":null}},{"start":{"line":149,"column":10},"end":{"line":228,"column":null}}],"line":148},"20":{"loc":{"start":{"line":166,"column":17},"end":{"line":174,"column":null}},"type":"binary-expr","locations":[{"start":{"line":166,"column":17},"end":{"line":166,"column":null}},{"start":{"line":167,"column":18},"end":{"line":174,"column":null}}],"line":166},"21":{"loc":{"start":{"line":176,"column":17},"end":{"line":182,"column":null}},"type":"binary-expr","locations":[{"start":{"line":176,"column":17},"end":{"line":176,"column":null}},{"start":{"line":177,"column":18},"end":{"line":182,"column":null}}],"line":176},"22":{"loc":{"start":{"line":184,"column":17},"end":{"line":188,"column":null}},"type":"binary-expr","locations":[{"start":{"line":184,"column":17},"end":{"line":184,"column":null}},{"start":{"line":185,"column":18},"end":{"line":188,"column":null}}],"line":184},"23":{"loc":{"start":{"line":208,"column":28},"end":{"line":208,"column":null}},"type":"binary-expr","locations":[{"start":{"line":208,"column":28},"end":{"line":208,"column":56}},{"start":{"line":208,"column":56},"end":{"line":208,"column":81}},{"start":{"line":208,"column":81},"end":{"line":208,"column":null}}],"line":208},"24":{"loc":{"start":{"line":211,"column":19},"end":{"line":214,"column":null}},"type":"cond-expr","locations":[{"start":{"line":212,"column":20},"end":{"line":212,"column":null}},{"start":{"line":214,"column":20},"end":{"line":214,"column":null}}],"line":211},"25":{"loc":{"start":{"line":221,"column":15},"end":{"line":225,"column":null}},"type":"binary-expr","locations":[{"start":{"line":221,"column":15},"end":{"line":221,"column":null}},{"start":{"line":222,"column":16},"end":{"line":225,"column":null}}],"line":221},"26":{"loc":{"start":{"line":233,"column":7},"end":{"line":236,"column":null}},"type":"binary-expr","locations":[{"start":{"line":233,"column":7},"end":{"line":233,"column":null}},{"start":{"line":234,"column":8},"end":{"line":236,"column":null}}],"line":233}},"s":{"0":1,"1":0,"2":0,"3":0,"4":0,"5":0,"6":0,"7":0,"8":0,"9":0,"10":0,"11":0,"12":0,"13":0,"14":0,"15":0,"16":0,"17":0,"18":0,"19":0,"20":0,"21":0,"22":0,"23":0,"24":0,"25":0,"26":0,"27":0,"28":0,"29":0,"30":0,"31":0,"32":0,"33":0,"34":0,"35":0,"36":0,"37":0,"38":0,"39":0,"40":0,"41":0,"42":0,"43":0,"44":0,"45":0,"46":0,"47":0,"48":0,"49":0,"50":0,"51":0,"52":0,"53":0,"54":0,"55":0,"56":0,"57":0},"f":{"0":0,"1":0,"2":0,"3":0,"4":0,"5":0,"6":0,"7":0,"8":0,"9":0,"10":0,"11":0,"12":0,"13":0},"b":{"0":[0],"1":[0],"2":[0],"3":[0,0],"4":[0,0],"5":[0,0],"6":[0,0],"7":[0,0],"8":[0,0],"9":[0,0],"10":[0,0],"11":[0,0],"12":[0,0],"13":[0,0],"14":[0,0],"15":[0,0],"16":[0,0],"17":[0,0],"18":[0,0],"19":[0,0,0],"20":[0,0],"21":[0,0],"22":[0,0],"23":[0,0,0],"24":[0,0],"25":[0,0],"26":[0,0]},"meta":{"lastBranch":27,"lastFunction":14,"lastStatement":58,"seen":{"s:24:48:29:Infinity":0,"f:31:24:31:39":0,"b:34:14:34:Infinity":0,"b:35:16:35:Infinity":1,"s:37:24:37:Infinity":1,"s:38:26:38:Infinity":2,"s:39:48:39:Infinity":3,"s:40:24:40:Infinity":4,"s:41:8:41:Infinity":5,"s:42:8:42:Infinity":6,"s:44:30:47:Infinity":7,"b:44:27:44:30":2,"s:50:28:56:Infinity":8,"f:50:28:50:29":1,"s:51:18:51:Infinity":9,"s:52:4:52:Infinity":10,"b:53:4:55:Infinity:undefined:undefined:undefined:undefined":3,"s:53:4:55:Infinity":11,"s:54:6:54:Infinity":12,"s:59:2:65:Infinity":13,"f:59:12:59:18":2,"b:60:4:60:Infinity:undefined:undefined:undefined:undefined":4,"s:60:4:60:Infinity":14,"s:60:23:60:Infinity":15,"s:61:18:63:Infinity":16,"f:61:29:61:35":3,"s:62:6:62:Infinity":17,"s:64:4:64:Infinity":18,"f:64:11:64:17":4,"s:64:17:64:Infinity":19,"s:68:30:68:Infinity":20,"f:68:63:68:69":5,"s:68:69:68:101":21,"b:68:69:68:92:68:92:68:101":5,"b:69:2:80:Infinity:undefined:undefined:undefined:undefined":6,"s:69:2:80:Infinity":22,"s:70:4:70:Infinity":23,"b:71:4:79:Infinity:undefined:undefined:undefined:undefined":7,"s:71:4:79:Infinity":24,"b:71:8:71:31:71:31:71:52":8,"s:72:19:72:Infinity":25,"s:73:20:77:Infinity":26,"f:74:8:74:9":6,"s:75:10:76:Infinity":27,"b:75:10:75:Infinity:76:10:76:Infinity":9,"b:78:6:78:Infinity:undefined:undefined:undefined:undefined":10,"s:78:6:78:Infinity":28,"s:78:17:78:Infinity":29,"s:83:2:85:Infinity":30,"f:83:12:83:18":7,"b:84:4:84:Infinity:undefined:undefined:undefined:undefined":11,"s:84:4:84:Infinity":31,"s:84:19:84:Infinity":32,"s:87:8:100:Infinity":33,"f:89:15:89:21":8,"s:90:6:90:Infinity":34,"s:91:6:91:Infinity":35,"s:92:6:92:Infinity":36,"s:93:6:93:Infinity":37,"s:94:6:94:Infinity":38,"s:95:6:95:Infinity":39,"f:97:13:97:14":9,"s:98:6:98:Infinity":40,"s:102:23:117:Infinity":41,"f:102:23:102:29":10,"b:103:4:103:Infinity:undefined:undefined:undefined:undefined":12,"s:103:4:103:Infinity":42,"s:103:32:103:Infinity":43,"b:104:4:107:Infinity:undefined:undefined:undefined:undefined":13,"s:104:4:107:Infinity":44,"s:105:6:105:Infinity":45,"s:106:6:106:Infinity":46,"s:109:4:109:Infinity":47,"s:110:4:116:Infinity":48,"b:113:16:113:35:113:35:113:Infinity":14,"b:115:32:115:63:115:63:115:Infinity":15,"s:119:24:126:Infinity":49,"f:119:24:119:25":11,"b:120:4:125:Infinity:123:4:125:Infinity":16,"s:120:4:125:Infinity":50,"b:120:8:120:29:120:29:120:42":17,"s:121:6:121:Infinity":51,"s:122:6:122:Infinity":52,"b:123:4:125:Infinity:undefined:undefined:undefined:undefined":18,"s:123:4:125:Infinity":53,"s:124:6:124:Infinity":54,"s:128:2:238:Infinity":55,"b:148:9:148:19:148:19:148:Infinity:149:10:228:Infinity":19,"b:166:17:166:Infinity:167:18:174:Infinity":20,"b:176:17:176:Infinity:177:18:182:Infinity":21,"b:184:17:184:Infinity:185:18:188:Infinity":22,"f:196:28:196:29":12,"s:196:35:196:Infinity":56,"f:200:32:200:33":13,"s:201:20:203:Infinity":57,"b:208:28:208:56:208:56:208:81:208:81:208:Infinity":23,"b:212:20:212:Infinity:214:20:214:Infinity":24,"b:221:15:221:Infinity:222:16:225:Infinity":25,"b:233:7:233:Infinity:234:8:236:Infinity":26}}}
,"C:\\dev\\Utils\\TaskMan\\frontend\\src\\components\\TaskCompletionCelebration.tsx": {"path":"C:\\dev\\Utils\\TaskMan\\frontend\\src\\components\\TaskCompletionCelebration.tsx","statementMap":{"0":{"start":{"line":9,"column":2},"end":{"line":42,"column":null}},"1":{"start":{"line":10,"column":4},"end":{"line":10,"column":null}},"2":{"start":{"line":10,"column":18},"end":{"line":10,"column":null}},"3":{"start":{"line":12,"column":21},"end":{"line":12,"column":null}},"4":{"start":{"line":13,"column":25},"end":{"line":13,"column":null}},"5":{"start":{"line":14,"column":21},"end":{"line":14,"column":null}},"6":{"start":{"line":17,"column":6},"end":{"line":17,"column":null}},"7":{"start":{"line":20,"column":21},"end":{"line":39,"column":null}},"8":{"start":{"line":21,"column":23},"end":{"line":21,"column":null}},"9":{"start":{"line":23,"column":6},"end":{"line":25,"column":null}},"10":{"start":{"line":24,"column":8},"end":{"line":24,"column":null}},"11":{"start":{"line":27,"column":28},"end":{"line":27,"column":null}},"12":{"start":{"line":29,"column":6},"end":{"line":33,"column":null}},"13":{"start":{"line":34,"column":6},"end":{"line":38,"column":null}},"14":{"start":{"line":41,"column":4},"end":{"line":41,"column":null}},"15":{"start":{"line":41,"column":17},"end":{"line":41,"column":null}},"16":{"start":{"line":44,"column":2},"end":{"line":44,"column":null}}},"fnMap":{"0":{"name":"TaskCompletionCelebration","decl":{"start":{"line":8,"column":24},"end":{"line":8,"column":50}},"loc":{"start":{"line":8,"column":95},"end":{"line":45,"column":null}},"line":8},"1":{"name":"(anonymous_1)","decl":{"start":{"line":9,"column":12},"end":{"line":9,"column":18}},"loc":{"start":{"line":9,"column":18},"end":{"line":42,"column":5}},"line":9},"2":{"name":"randomInRange","decl":{"start":{"line":16,"column":13},"end":{"line":16,"column":27}},"loc":{"start":{"line":16,"column":53},"end":{"line":18,"column":null}},"line":16},"3":{"name":"(anonymous_3)","decl":{"start":{"line":20,"column":33},"end":{"line":20,"column":44}},"loc":{"start":{"line":20,"column":44},"end":{"line":39,"column":7}},"line":20},"4":{"name":"(anonymous_4)","decl":{"start":{"line":41,"column":11},"end":{"line":41,"column":17}},"loc":{"start":{"line":41,"column":17},"end":{"line":41,"column":null}},"line":41}},"branchMap":{"0":{"loc":{"start":{"line":10,"column":4},"end":{"line":10,"column":null}},"type":"if","locations":[{"start":{"line":10,"column":4},"end":{"line":10,"column":null}},{"start":{},"end":{}}],"line":10},"1":{"loc":{"start":{"line":23,"column":6},"end":{"line":25,"column":null}},"type":"if","locations":[{"start":{"line":23,"column":6},"end":{"line":25,"column":null}},{"start":{},"end":{}}],"line":23}},"s":{"0":5,"1":3,"2":3,"3":0,"4":0,"5":0,"6":0,"7":0,"8":0,"9":0,"10":0
[...]
,"C:\\dev\\Utils\\TaskMan\\frontend\\src\\store\\density.ts": {"path":"C:\\dev\\Utils\\TaskMan\\frontend\\src\\store\\density.ts","statementMap":{"0":{"start":{"line":11,"column":13},"end":{"line":29,"column":null}},"1":{"start":{"line":13,"column":14},"end":{"line":19,"column":null}},"2":{"start":{"line":16,"column":8},"end":{"line":16,"column":null}},"3":{"start":{"line":17,"column":8},"end":{"line":17,"column":null}},"4":{"start":{"line":22,"column":32},"end":{"line":26,"column":null}},"5":{"start":{"line":23,"column":8},"end":{"line":25,"column":null}},"6":{"start":{"line":24,"column":10},"end":{"line":24,"column":null}},"7":{"start":{"line":32,"column":15},"end":{"line":32,"column":null}},"8":{"start":{"line":33,"column":2},"end":{"line":33,"column":null}},"9":{"start":{"line":34,"column":2},"end":{"line":34,"column":null}}},"fnMap":{"0":{"name":"(anonymous_0)","decl":{"start":{"line":13,"column":4},"end":{"line":13,"column":5}},"loc":{"start":{"line":13,"column":14},"end":{"line":19,"column":null}},"line":13},"1":{"name":"(anonymous_1)","decl":{"start":{"line":15,"column":18},"end":{"line":15,"column":19}},"loc":{"start":{"line":15,"column":31},"end":{"line":18,"column":null}},"line":15},"2":{"name":"(anonymous_2)","decl":{"start":{"line":22,"column":26},"end":{"line":22,"column":32}},"loc":{"start":{"line":22,"column":32},"end":{"line":26,"column":null}},"line":22},"3":{"name":"(anonymous_3)","decl":{"start":{"line":22,"column":32},"end":{"line":22,"column":33}},"loc":{"start":{"line":22,"column":43},"end":{"line":26,"column":null}},"line":22},"4":{"name":"applyDensity","decl":{"start":{"line":31,"column":9},"end":{"line":31,"column":22}},"loc":{"start":{"line":31,"column":44},"end":{"line":35,"column":null}},"line":31}},"branchMap":{"0":{"loc":{"start":{"line":23,"column":8},"end":{"line":25,"column":null}},"type":"if","locations":[{"start":{"line":23,"column":8},"end":{"line":25,"column":null}},{"start":{},"end":{}}],"line":23}},"s":{"0":1,"1":1,"2":6,"3":6,"4":1,"5":1,"6":1,"7":7,"8":7,"9":7},"f":{"0":1,"1":6,"2":1,"3":1,"4":7},"b":{"0":[1,0]},"meta":{"lastBranch":1,"lastFunction":5,"lastStatement":10,"seen":{"s:11:13:29:Infinity":0,"f:13:4:13:5":0,"s:13:14:19:Infinity":1,"f:15:18:15:19":1,"s:16:8:16:Infinity":2,"s:17:8:17:Infinity":3,"f:22:26:22:32":2,"s:22:32:26:Infinity":4,"f:22:32:22:33":3,"b:23:8:25:Infinity:undefined:undefined:undefined:undefined":0,"s:23:8:25:Infinity":5,"s:24:10:24:Infinity":6,"f:31:9:31:22":4,"s:32:15:32:Infinity":7,"s:33:2:33:Infinity":8,"s:34:2:34:Infinity":9}}}
,"C:\\dev\\Utils\\TaskMan\\frontend\\src\\store\\layout.ts": {"path":"C:\\dev\\Utils\\TaskMan\\frontend\\src\\store\\layout.ts","statementMap":{"0":{"start":{"line":11,"column":13},"end":{"line":21,"column":null}},"1":{"start":{"line":13,"column":18},"end":{"line":16,"column":null}},"2":{"start":{"line":15,"column":35},"end":{"line":15,"column":null}}},"fnMap":{"0":{"name":"(anonymous_0)","decl":{"start":{"line":13,"column":8},"end":{"line":13,"column":9}},"loc":{"start":{"line":13,"column":18},"end":{"line":16,"column":null}},"line":13},"1":{"name":"(anonymous_1)","decl":{"start":{"line":15,"column":23},"end":{"line":15,"column":24}},"loc":{"start":{"line":15,"column":35},"end":{"line":15,"column":null}},"line":15}},"branchMap":{},"s":{"0":1,"1":1,"2":8},"f":{"0":1,"1":8},"b":{},"meta":{"lastBranch":0,"lastFunction":2,"lastStatement":3,"seen":{"s:11:13:21:Infinity":0,"f:13:8:13:9":0,"s:13:18:16:Infinity":1,"f:15:23:15:24":1,"s:15:35:15:Infinity":2}}}
,"C:\\dev\\Utils\\TaskMan\\frontend\\src\\store\\theme.ts": {"path":"C:\\dev\\Utils\\TaskMan\\frontend\\src\\store\\theme.ts","statementMap":{"0":{"start":{"line":23,"column":13},"end":{"line":75,"column":null}},"1":{"start":{"line":25,"column":14},"end":{"line":51,"column":null}},"2":{"start":{"line":32,"column":8},"end":{"line":32,"column":null}},"3":{"start":{"line":33,"column":8},"end":{"line":33,"column":null}},"4":{"start":{"line":36,"column":8},"end":{"line":36,"column":null}},"5":{"start":{"line":37,"column":8},"end":{"line":37,"column":null}},"6":{"start":{"line":40,"column":8},"end":{"line":40,"column":null}},"7":{"start":{"line":41,"column":8},"end":{"line":41,"column":null}},"8":{"start":{"line":44,"column":8},"end":{"line":44,"column":null}},"9":{"start":{"line":45,"column":8},"end":{"line":45,"column":null}},"10":{"start":{"line":48,"column":8},"end":{"line":48,"column":null}},"11":{"start":{"line":49,"column":8},"end":{"line":49,"column":null}},"12":{"start":{"line":54,"column":32},"end":{"line":72,"column":null}},"13":{"start":{"line":55,"column":8},"end":{"line":71,"column":null}},"14":{"start":{"line":56,"column":10},"end":{"line":56,"column":null}},"15":{"start":{"line":57,"column":10},"end":{"line":57,"column":null}},"16":{"start":{"line":58,"column":10},"end":{"line":58,"column":null}},"17":{"start":{"line":59,"column":10},"end":{"line":59,"column":null}},"18":{"start":{"line":62,"column":10},"end":{"line":70,"column":null}},"19":{"start":{"line":67,"column":12},"end":{"line":67,"column":null}},"20":{"start":{"line":69,"column":12},"end":{"line":69,"column":null}},"21":{"start":{"line":78,"column":15},"end":{"line":78,"column":null}},"22":{"start":{"line":79,"column":2},"end":{"line":79,"column":null}},"23":{"start":{"line":81,"column":2},"end":{"line":88,"column":null}},"24":{"start":{"line":82,"column":24},"end":{"line":84,"column":null}},"25":{"start":{"line":85,"column":4},"end":{"line":85,"column":null}},"26":{"start":{"line":87,"column":4},"end":{"line":87,"column":null}},"27":{"start":{"line":91,"column":16},"end":{"line":91,"column":null}},"28":{"start":{"line":92,"column":2},"end":{"line":94,"column":null}},"29":{"start":{"line":93,"column":4},"end":{"line":93,"column":null}},"30":{"start":{"line":98,"column":16},"end":{"line":98,"column":null}},"31":{"start":{"line":98,"column":41},"end":{"line":98,"column":57}},"32":{"start":{"line":99,"column":2},"end":{"line":99,"column":null}},"33":{"start":{"line":99,"column":14},"end":{"line":99,"column":null}},"34":{"start":{"line":101,"column":15},"end":{"line":101,"column":null}},"35":{"start":{"line":102,"column":2},"end":{"line":106,"column":null}},"36":{"start":{"line":104,"column":19},"end":{"line":104,"column":null}},"37":{"start":{"line":104,"column":53},"end":{"line":104,"column":74}},"38":{"start":{"line":105,"column":4},"end":{"line":105,"column":null}},"39":{"start":{"line":109,"column":21},"end":{"line":109,"column":null}},"40":{"start":{"line":110,"column":20},"end":{"line":110,"column":null}},"41":{"start":{"line":111,"column":20},"end":{"line":111,"column":null}},"42":{"start":{"line":114,"column":23},"end":{"line":114,"column":null}},"43":{"start":{"line":115,"column":2},"end":{"line":115,"column":null}},"44":{"start":{"line":118,"column":22},"end":{"line":118,"column":null}},"45":{"start":{"line":119,"column":2},"end":{"line":119,"column":null}},"46":{"start":{"line":122,"column":2},"end":{"line":122,"column":null}},"47":{"start":{"line":126,"column":15},"end":{"line":126,"column":null}},"48":{"start":{"line":127,"column":2},"end":{"line":131,"column":null}},"49":{"start":{"line":128,"column":4},"end":{"line":128,"column":null}},"50":{"start":{"line":130,"column":4},"end":{"line":130,"column":null}},"51":{"start":{"line":135,"column":15},"end":{"line":135,"column":null}},"52":{"start":{"line":136,"column":2},"end":{"line":136,"column":null}},"53":{"start":{"line":138,"column":2},"end":{"line":142,"column":null}},"54":{"start":{"line":139,"column":4},"end":{"line":139,"column":null}},"55":{"start":{"line":140,"column":2},"end":{"line":142,"column":null}},"56":{"start":{"line":141,"column":4},"end":{"line":141,"column":null}},"57":{"start":{"line":146,"column":15},"end":{"line":146,"column":null}},"58":{"start":{"line":147,"column":2},"end":{"line":147,"column":null}},"59":{"start":{"line":148,"column":2},"end":{"line":148,"column":null}},"60":{"start":{"line":152,"column":0},"end":{"line":167,"column":null}},"61":{"start":{"line":153,"column":2},"end":{"line":158,"column":null}},"62":{"start":{"line":154,"column":18},"end":{"line":154,"column":null}},"63":{"start":{"line":155,"column":4},"end":{"line":157,"column":null}},"64":{"start":{"line":156,"column":6},"end":{"line":156,"column":null}},"65":{"start":{"line":161,"column":2},"end":{"line":166,"column":null}},"66":{"start":{"line":162,"column":18},"end":{"line":162,"column":null}},"67":{"start":{"line":163,"column":4},"end":{"line":165,"column":null}},"68":{"start":{"line":164,"column":6},"end":{"line":164,"column":null}}},"fnMap":{"0":{"name":"(anonymous_0)","decl":{"start":{"line":25,"column":4},"end":{"line":25,"column":5}},"loc":{"start":{"line":25,"column":14},"end":{"line":51,"column":null}},"line":25},"1":{"name":"(anonymous_1)","decl":{"start":{"line":31,"column":16},"end":{"line":31,"column":17}},"loc":{"start":{"line":31,"column":27},"end":{"line":34,"column":null}},"line":31},"2":{"name":"(anonymous_2)","decl":{"start":{"line":35,"column":21},"end":{"line":35,"column":22}},"loc":{"start":{"line":35,"column":37},"end":{"line":38,"column":null}},"line":35},"3":{"name":"(anonymous_3)","decl":{"start":{"line":39,"column":23},"end":{"line":39,"column":24}},"loc":{"start":{"line":39,"column":33},"end":{"line":42,"column":null}},"line":39},"4":{"name":"(anonymous_4)","decl":{"start":{"line":43,"column":26},"end":{"line":43,"column":27}},"loc":{"start":{"line":43,"column":36},"end":{"line":46,"column":null}},"line":43},"5":{"name":"(anonymous_5)","decl":{"start":{"line":47,"column":29},"end":{"line":47,"column":30}},"loc":{"start":{"line":47,"column":44},"end":{"line":50,"column":null}},"line":47},"6":{"name":"(anonymous_6)","decl":{"start":{"line":54,"column":26},"end":{"line":54,"column":32}},"loc":{"start":{"line":54,"column":32},"end":{"line":72,"column":null}},"line":54},"7":{"name":"(anonymous_7)","decl":{"start":{"line":54,"column":32},"end":{"line":54,"column":33}},"loc":{"start":{"line":54,"column":43},"end":{"line":72,"column":null}},"line":54},"8":{"name":"applyTheme","decl":{"start":{"line":77,"column":9},"end":{"line":77,"column":20}},"loc":{"start":{"line":77,"column":34},"end":{"line":95,"column":null}},"line":77},"9":{"name":"applyColorTheme","decl":{"start":{"line":97,"column":9},"end":{"line":97,"column":25}},"loc":{"start":{"line":97,"column":48},"end":{"line":123,"column":null}},"line":97},"10":{"name":"(anonymous_10)","decl":{"start":{"line":98,"column":34},"end":{"line":98,"column":35}},"loc":{"start":{"line":98,"column":41},"end":{"line":98,"column":57}},"line":98},"11":{"name":"(anonymous_11)","decl":{"start":{"line":102,"column":39},"end":{"line":102,"column":40}},"loc":{"start":{"line":102,"column":57},"end":{"line":106,"column":3}},"line":102},"12":{"name":"(anonymous_12)","decl":{"start":{"line":104,"column":46},"end":{"line":104,"column":47}},"loc":{"start":{"line":104,"column":53},"end":{"line":104,"column":74}},"line":104},"13":{"name":"applyHighContrast","decl":{"start":{"line":125,"column":9},"end":{"line":125,"column":27}},"loc":{"start":{"line":125,"column":51},"end":{"line":132,"column":null}},"line":125},"14":{"name":"applyPerformanceMode","decl":{"start":{"line":134,"column":9},"end":{"line":134,"column":30}},"loc":{"start":{"line":134,"column":53},"end":{"line":143,"column":null}},"line":134},"15":{"name":"applyAnimationIntensity","decl":{"start":{"line":145,"column":9},"end":{"line":145,"column":33}},"loc":{"start":{"line":145,"column":64},"end":{"line":149,"column":null}},"line":145},"16":{"name":"(anonymous_16)","decl":{"start":{"line":153,"column":79},"end":{"line":153,"column":85}},"loc":{"start":{"line":153,"column":85},"end":{"line":158,"column":3}},"line":153},"17":{"name":"(anonymous_17)","decl":{"start":{"line":161,"column":83},"end":{"line":161,"column":84}},"loc":{"start":{"line":161,"column":90},"end":{"line":166,"column":3}},"line":161}},"branchMap":{"0":{"loc":{"start":{"line":55,"column":8},"end":{"line":71,"column":null}},"type":"if","locations":[{"start":{"line":55,"column":8},"end":{"line":71,"column":null}},{"start":{},"end":{}}],"line":55},"1":{"loc":{"start":{"line":62,"column":10},"end":{"line":70,"column":null}},"type":"if","locations":[{"start":{"line":62,"column":10},"end":{"line":70,"column":null}},{"start":{"line":68,"column":17},"end":{"line":70,"column":null}}],"line":62},"2":{"loc":{"start":{"line":63,"column":12},"end":{"line":65,"column":null}},"type":"binary-expr","locations":[{"start":{"line":63,"column":12},"end":{"line":63,"column":null}},{"start":{"line":64,"column":12},"end":{"line":64,"column":null}},{"start":{"line":65,"column":12},"end":{"line":65,"column":null}}],"line":63},"3":{"loc":{"start":{"line":81,"column":2},"end":{"line":88,"column":null}},"type":"if","locations":[{"start":{"line":81,"column":2},"end":{"line":88,"column":null}},{"start":{"line":86,"column":9},"end":{"line":88,"column":null}}],"line":81},"4":{"loc":{"start":{"line":82,"column":24},"end":{"line":84,"column":null}},"type":"cond-expr","locations":[{"start":{"line":83,"column":8},"end":{"line":83,"column":null}},{"start":{"line":84,"column":8},"end":{"line":84,"column":null}}],"line":82},"5":{"loc":{"start":{"line":92,"column":2},"end":{"line":94,"column":null}},"type":"if","locations":[{"start":{"line":92,"column":2},"end":{"line":94,"column":null}},{"start":{},"end":{}}],"line":92},"6":{"loc":{"start":{"line":99,"column":2},"end":{"line":99,"column":null}},"type":"if","locations":[{"start":{"line":99,"column":2},"end":{"line":99,"column":null}},{"start":{},"end":{}}],"line":99},"7":{"loc":{"start":{"line":127,"column":2},"end":{"line":131,"column":null}},"type":"if","locations":[{"start":{"line":127,"column":2},"end":{"line":131,"column":null}},{"start":{"line":129,"column":9},"end":{"line":131,"column":null}}],"line":127},"8":{"loc":{"start":{"line":138,"column":2},"end":{"line":142,"column":null}},"type":"if","locations":[{"start":{"line":138,"column":2},"end":{"line":142,"column":null}},{"start":{"line":140,"column":2},"end":{"line":142,"column":null}}],"line":138},"9":{"loc":{"start":{"line":140,"column":2},"end":{"line":142,"column":null}},"type":"if","locations":[{"start":{"line":140,"column":2},"end":{"line":142,"column":null}},{"start":{},"end":{}}],"line":140},"10":{"loc":{"start":{"line":152,"column":0},"end":{"line":167,"column":null}},"type":"if","locations":[{"start":{"line":152,"column":0},"end":{"line":167,"column":null}},{"start":{},"end":{}}],"line":152},"11":{"loc":{"start":{"line":155,"column":4},"end":{"line":157,"column":null}},"type":"if","locations":[{"start":{"line":155,"column":4},"end":{"line":157,"column":null}},{"start":{},"end":{}}],"line":155},"12":{"loc":{"start":{"line":163,"column":4},"end":{"line":165,"column":null}},"type":"if","locations":[{"start":{"line":163,"column":4},"end":{"line":165,"column":null}},{"start":{},"end":{}}],"line":163}},"s":{"0":3,"1":3,"2":7,"3":7,"4":18,"5":18,"6":0,"7":0,"8":0,"9":0,"10":0,"11":0,"12":3,"13":6,"14":3,"15":3,"16":3,"17":3,"18":3,"19":0,"20":0,"21":10,"22":10,"23":10,"24":6,"25":6,"26":4,"27":10,"28":10,"29":0,"30":18,"31":51,"32":18,"33":1,"34":17,"35":17,"36":51,"37":17,"38":51,"39":17,"40":17,"41":17,"42":17,"43":17,"44":17,"45":17,"46":17,"47":0,"48":0,"49":0,"50":0,"51":0,"52":0,"53":0,"54":0,"55":0,"56":0,"57":0,"58":0,"59":0,"60":3,"61":3,"62":0,"63":0,"64":0,"65":3,"66":0,"67":0,"68":0},"f":{"0":3,"1":7,"2":18,"3":0,"4":0,"5":0,"6":3,"7":6,"8":10,"9":18,"10":51,"11":51,"12":17,"13":0,"14":0,"15":0,"16":0,"17":0},"b":{"0":[3,3],"1":[0,0],"2":[3,0,0],"3":[6,4],"4":[1,5],"5":[0,10],"6":[1,17],"7":[0,0],"8":[0,0],"9":[0,0],"10":[3,0],"11":[0,0],"12":[0,0]},"meta":{"lastBranch":13,"lastFunction":18,"lastStatement":69,"seen":{"s:23:13:75:Infinity":0,"f:25:4:25:5":0,"s:25:14:51:Infinity":1,"f:31:16:31:17":1,"s:32:8:32:Infinity":2,"s:33:8:33:Infinity":3,"f:35:21:35:22":2,"s:36:8:36:Infinity":4,"s:37:8:37:Infinity":5,"f:39:23:39:24":3,"s:40:8:40:Infinity":6,"s:41:8:41:Infinity":7,"f:43:26:43:27":4,"s:44:8:44:Infinity":8,"s:45:8:45:Infinity":9,"f:47:29:47:30":5,"s:48:8:48:Infinity":10,"s:49:8:49:Infinity":11,"f:54:26:54:32":6,"s:54:32:72:Infinity":12,"f:54:32:54:33":7,"b:55:8:71:Infinity:undefined:undefined:undefined:undefined":0,"s:55:8:71:Infinity":13,"s:56:10:56:Infinity":14,"s:57:10:57:Infinity":15,"s:58:10:58:Infinity":16,"s:59:10:59:Infinity":17,"b:62:10:70:Infinity:68:17:70:Infinity":1,"s:62:10:70:Infinity":18,"b:63:12:63:Infinity:64:12:64:Infinity:65:12:65:Infinity":2,"s:67:12:67:Infinity":19,"s:69:12:69:Infinity":20,"f:77:9:77:20":8,"s:78:15:78:Infinity":21,"s:79:2:79:Infinity":22,"b:81:2:88:Infinity:86:9:88:Infinity":3,"s:81:2:88:Infinity":23,"s:82:24:84:Infinity":24,"b:83:8:83:Infinity:84:8:84:Infinity":4,"s:85:4:85:Infinity":25,"s:87:4:87:Infinity":26,"s:91:16:91:Infinity":27,"b:92:2:94:Infinity:undefined:undefined:undefined:undefined":5,"s:92:2:94:Infinity":28,"s:93:4:93:Infinity":29,"f:97:9:97:25":9,"s:98:16:98:Infinity":30,"f:98:34:98:35":10,"s:98:41:98:57":31,"b:99:2:99:Infinity:undefined:undefined:undefined:undefined":6,"s:99:2:99:Infinity":32,"s:99:14:99:Infinity":33,"s:101:15:101:Infinity":34,"s:102:2:106:Infinity":35,"f:102:39:102:40":11,"s:104:19:104:Infinity":36,"f:104:46:104:47":12,"s:104:53:104:74":37,"s:105:4:105:Infinity":38,"s:109:21:109:Infinity":39,"s:110:20:110:Infinity":40,"s:111:20:111:Infinity":41,"s:114:23:114:Infinity":42,"s:115:2:115:Infinity":43,"s:118:22:118:Infinity":44,"s:119:2:119:Infinity":45,"s:122:2:122:Infinity":46,"f:125:9:125:27":13,"s:126:15:126:Infinity":47,"b:127:2:131:Infinity:129:9:131:Infinity":7,"s:127:2:131:Infinity":48,"s:128:4:128:Infinity":49,"s:130:4:130:Infinity":50,"f:134:9:134:30":14,"s:135:15:135:Infinity":51,"s:136:2:136:Infinity":52,"b:138:2:142:Infinity:140:2:142:Infinity":8,"s:138:2:142:Infinity":53,"s:139:4:139:Infinity":54,"b:140:2:142:Infinity:undefined:undefined:undefined:undefined":9,"s:140:2:142:Infinity":55,"s:141:4:141:Infinity":56,"f:145:9:145:33":15,"s:146:15:146:Infinity":57,"s:147:2:147:Infinity":58,"s:148:2:148:Infinity":59,"b:152:0:167:Infinity:undefined:undefined:undefined:undefined":10,"s:152:0:167:Infinity":60,"s:153:2:158:Infinity":61,"f:153:79:153:85":16,"s:154:18:154:Infinity":62,"b:155:4:157:Infinity:undefined:undefined:undefined:undefined":11,"s:155:4:157:Infinity":63,"s:156:6:156:Infinity":64,"s:161:2:166:Infinity":65,"f:161:83:161:84":17,"s:162:18:162:Infinity":66,"b:163:4:165:Infinity:undefined:undefined:undefined:undefined":12,"s:163:4:165:Infinity":67,"s:164:6:164:Infinity":68}}}
}
